CRITICAL - 2022-08-05 22:21:34 --> Undefined variable: title
in APPPATH\Views\template\header.php on line 7.
 1 APPPATH\Views\template\header.php(7): CodeIgniter\Debug\Exceptions->errorHandler()
 2 SYSTEMPATH\View\View.php(213): include('APPPATH\\Views\\template\\header.php')
 3 SYSTEMPATH\View\View.php(216): CodeIgniter\View\View->CodeIgniter\View\{closure}()
 4 SYSTEMPATH\View\View.php(429): CodeIgniter\View\View->render()
 5 APPPATH\Views\template\headerforcontent.php(81): CodeIgniter\View\View->include()
 6 SYSTEMPATH\View\View.php(213): include('APPPATH\\Views\\template\\headerforcontent.php')
 7 SYSTEMPATH\View\View.php(216): CodeIgniter\View\View->CodeIgniter\View\{closure}()
 8 SYSTEMPATH\View\View.php(429): CodeIgniter\View\View->render()
 9 APPPATH\Views\dashboard.php(1): CodeIgniter\View\View->include()
10 SYSTEMPATH\View\View.php(213): include('APPPATH\\Views\\dashboard.php')
11 SYSTEMPATH\View\View.php(216): CodeIgniter\View\View->CodeIgniter\View\{closure}()
12 SYSTEMPATH\Common.php(1137): CodeIgniter\View\View->render()
13 APPPATH\Controllers\Page.php(9): view()
14 SYSTEMPATH\CodeIgniter.php(898): App\Controllers\Page->dashboard()
15 SYSTEMPATH\CodeIgniter.php(457): CodeIgniter\CodeIgniter->runController()
16 SYSTEMPATH\CodeIgniter.php(340): CodeIgniter\CodeIgniter->handleRequest()
17 FCPATH\index.php(67): CodeIgniter\CodeIgniter->run()
CRITICAL - 2022-08-05 22:22:47 --> Invalid file: content.php
in SYSTEMPATH\Exceptions\FrameworkException.php on line 33.
 1 SYSTEMPATH\View\View.php(201): CodeIgniter\Exceptions\FrameworkException::forInvalidFile()
 2 SYSTEMPATH\View\View.php(429): CodeIgniter\View\View->render()
 3 APPPATH\Views\dashboard.php(8): CodeIgniter\View\View->include()
 4 SYSTEMPATH\View\View.php(213): include('APPPATH\\Views\\dashboard.php')
 5 SYSTEMPATH\View\View.php(216): CodeIgniter\View\View->CodeIgniter\View\{closure}()
 6 SYSTEMPATH\Common.php(1137): CodeIgniter\View\View->render()
 7 APPPATH\Controllers\Page.php(9): view()
 8 SYSTEMPATH\CodeIgniter.php(898): App\Controllers\Page->dashboard()
 9 SYSTEMPATH\CodeIgniter.php(457): CodeIgniter\CodeIgniter->runController()
10 SYSTEMPATH\CodeIgniter.php(340): CodeIgniter\CodeIgniter->handleRequest()
11 FCPATH\index.php(67): CodeIgniter\CodeIgniter->run()
ERROR - 2022-08-05 22:24:46 --> Error connecting to the database: mysqli_sql_exception: Access denied for user ''@'localhost' (using password: NO) in C:\Program Files\Ampps\www\wed-admin\system\Database\MySQLi\Connection.php:171
Stack trace:
#0 C:\Program Files\Ampps\www\wed-admin\system\Database\MySQLi\Connection.php(171): mysqli->real_connect()
#1 C:\Program Files\Ampps\www\wed-admin\system\Database\BaseConnection.php(382): CodeIgniter\Database\MySQLi\Connection->connect()
#2 C:\Program Files\Ampps\www\wed-admin\system\Database\BaseConnection.php(588): CodeIgniter\Database\BaseConnection->initialize()
#3 C:\Program Files\Ampps\www\wed-admin\app\Views\content.php(21): CodeIgniter\Database\BaseConnection->query()
#4 C:\Program Files\Ampps\www\wed-admin\system\View\View.php(213): include('C:\\Program File...')
#5 C:\Program Files\Ampps\www\wed-admin\system\View\View.php(216): CodeIgniter\View\View->CodeIgniter\View\{closure}()
#6 C:\Program Files\Ampps\www\wed-admin\system\View\View.php(429): CodeIgniter\View\View->render()
#7 C:\Program Files\Ampps\www\wed-admin\app\Views\dashboard.php(8): CodeIgniter\View\View->include()
#8 C:\Program Files\Ampps\www\wed-admin\system\View\View.php(213): include('C:\\Program File...')
#9 C:\Program Files\Ampps\www\wed-admin\system\View\View.php(216): CodeIgniter\View\View->CodeIgniter\View\{closure}()
#10 C:\Program Files\Ampps\www\wed-admin\system\Common.php(1137): CodeIgniter\View\View->render()
#11 C:\Program Files\Ampps\www\wed-admin\app\Controllers\Page.php(9): view()
#12 C:\Program Files\Ampps\www\wed-admin\system\CodeIgniter.php(898): App\Controllers\Page->dashboard()
#13 C:\Program Files\Ampps\www\wed-admin\system\CodeIgniter.php(457): CodeIgniter\CodeIgniter->runController()
#14 C:\Program Files\Ampps\www\wed-admin\system\CodeIgniter.php(340): CodeIgniter\CodeIgniter->handleRequest()
#15 C:\Program Files\Ampps\www\wed-admin\index.php(67): CodeIgniter\CodeIgniter->run()
#16 {main}

Next CodeIgniter\Database\Exceptions\DatabaseException: Access denied for user ''@'localhost' (using password: NO) in C:\Program Files\Ampps\www\wed-admin\system\Database\MySQLi\Connection.php:215
Stack trace:
#0 C:\Program Files\Ampps\www\wed-admin\system\Database\BaseConnection.php(382): CodeIgniter\Database\MySQLi\Connection->connect()
#1 C:\Program Files\Ampps\www\wed-admin\system\Database\BaseConnection.php(588): CodeIgniter\Database\BaseConnection->initialize()
#2 C:\Program Files\Ampps\www\wed-admin\app\Views\content.php(21): CodeIgniter\Database\BaseConnection->query()
#3 C:\Program Files\Ampps\www\wed-admin\system\View\View.php(213): include('C:\\Program File...')
#4 C:\Program Files\Ampps\www\wed-admin\system\View\View.php(216): CodeIgniter\View\View->CodeIgniter\View\{closure}()
#5 C:\Program Files\Ampps\www\wed-admin\system\View\View.php(429): CodeIgniter\View\View->render()
#6 C:\Program Files\Ampps\www\wed-admin\app\Views\dashboard.php(8): CodeIgniter\View\View->include()
#7 C:\Program Files\Ampps\www\wed-admin\system\View\View.php(213): include('C:\\Program File...')
#8 C:\Program Files\Ampps\www\wed-admin\system\View\View.php(216): CodeIgniter\View\View->CodeIgniter\View\{closure}()
#9 C:\Program Files\Ampps\www\wed-admin\system\Common.php(1137): CodeIgniter\View\View->render()
#10 C:\Program Files\Ampps\www\wed-admin\app\Controllers\Page.php(9): view()
#11 C:\Program Files\Ampps\www\wed-admin\system\CodeIgniter.php(898): App\Controllers\Page->dashboard()
#12 C:\Program Files\Ampps\www\wed-admin\system\CodeIgniter.php(457): CodeIgniter\CodeIgniter->runController()
#13 C:\Program Files\Ampps\www\wed-admin\system\CodeIgniter.php(340): CodeIgniter\CodeIgniter->handleRequest()
#14 C:\Program Files\Ampps\www\wed-admin\index.php(67): CodeIgniter\CodeIgniter->run()
#15 {main}
CRITICAL - 2022-08-05 22:24:46 --> Unable to connect to the database.
Main connection [MySQLi]: Access denied for user ''@'localhost' (using password: NO)
in SYSTEMPATH\Database\BaseConnection.php on line 418.
 1 SYSTEMPATH\Database\BaseConnection.php(588): CodeIgniter\Database\BaseConnection->initialize()
 2 APPPATH\Views\content.php(21): CodeIgniter\Database\BaseConnection->query()
 3 SYSTEMPATH\View\View.php(213): include('APPPATH\\Views\\content.php')
 4 SYSTEMPATH\View\View.php(216): CodeIgniter\View\View->CodeIgniter\View\{closure}()
 5 SYSTEMPATH\View\View.php(429): CodeIgniter\View\View->render()
 6 APPPATH\Views\dashboard.php(8): CodeIgniter\View\View->include()
 7 SYSTEMPATH\View\View.php(213): include('APPPATH\\Views\\dashboard.php')
 8 SYSTEMPATH\View\View.php(216): CodeIgniter\View\View->CodeIgniter\View\{closure}()
 9 SYSTEMPATH\Common.php(1137): CodeIgniter\View\View->render()
10 APPPATH\Controllers\Page.php(9): view()
11 SYSTEMPATH\CodeIgniter.php(898): App\Controllers\Page->dashboard()
12 SYSTEMPATH\CodeIgniter.php(457): CodeIgniter\CodeIgniter->runController()
13 SYSTEMPATH\CodeIgniter.php(340): CodeIgniter\CodeIgniter->handleRequest()
14 FCPATH\index.php(67): CodeIgniter\CodeIgniter->run()
CRITICAL - 2022-08-05 22:32:06 --> Undefined variable: title
in APPPATH\Views\kategori.php on line 12.
 1 APPPATH\Views\kategori.php(12): CodeIgniter\Debug\Exceptions->errorHandler()
 2 SYSTEMPATH\View\View.php(213): include('APPPATH\\Views\\kategori.php')
 3 SYSTEMPATH\View\View.php(216): CodeIgniter\View\View->CodeIgniter\View\{closure}()
 4 SYSTEMPATH\Common.php(1137): CodeIgniter\View\View->render()
 5 APPPATH\Controllers\Page.php(15): view()
 6 SYSTEMPATH\CodeIgniter.php(898): App\Controllers\Page->kategori()
 7 SYSTEMPATH\CodeIgniter.php(457): CodeIgniter\CodeIgniter->runController()
 8 SYSTEMPATH\CodeIgniter.php(340): CodeIgniter\CodeIgniter->handleRequest()
 9 FCPATH\index.php(67): CodeIgniter\CodeIgniter->run()
CRITICAL - 2022-08-05 22:32:14 --> Undefined variable: warga
in APPPATH\Views\kategori.php on line 38.
 1 APPPATH\Views\kategori.php(38): CodeIgniter\Debug\Exceptions->errorHandler()
 2 SYSTEMPATH\View\View.php(213): include('APPPATH\\Views\\kategori.php')
 3 SYSTEMPATH\View\View.php(216): CodeIgniter\View\View->CodeIgniter\View\{closure}()
 4 SYSTEMPATH\Common.php(1137): CodeIgniter\View\View->render()
 5 APPPATH\Controllers\Page.php(15): view()
 6 SYSTEMPATH\CodeIgniter.php(898): App\Controllers\Page->kategori()
 7 SYSTEMPATH\CodeIgniter.php(457): CodeIgniter\CodeIgniter->runController()
 8 SYSTEMPATH\CodeIgniter.php(340): CodeIgniter\CodeIgniter->handleRequest()
 9 FCPATH\index.php(67): CodeIgniter\CodeIgniter->run()
CRITICAL - 2022-08-05 22:35:53 --> Undefined variable: db
in APPPATH\Views\kategori.php on line 34.
 1 APPPATH\Views\kategori.php(34): CodeIgniter\Debug\Exceptions->errorHandler()
 2 SYSTEMPATH\View\View.php(213): include('APPPATH\\Views\\kategori.php')
 3 SYSTEMPATH\View\View.php(216): CodeIgniter\View\View->CodeIgniter\View\{closure}()
 4 SYSTEMPATH\Common.php(1137): CodeIgniter\View\View->render()
 5 APPPATH\Controllers\Page.php(15): view()
 6 SYSTEMPATH\CodeIgniter.php(898): App\Controllers\Page->kategori()
 7 SYSTEMPATH\CodeIgniter.php(457): CodeIgniter\CodeIgniter->runController()
 8 SYSTEMPATH\CodeIgniter.php(340): CodeIgniter\CodeIgniter->handleRequest()
 9 FCPATH\index.php(67): CodeIgniter\CodeIgniter->run()
ERROR - 2022-08-05 22:37:48 --> Error connecting to the database: mysqli_sql_exception: Access denied for user ''@'localhost' (using password: NO) in C:\Program Files\Ampps\www\wed-admin\system\Database\MySQLi\Connection.php:171
Stack trace:
#0 C:\Program Files\Ampps\www\wed-admin\system\Database\MySQLi\Connection.php(171): mysqli->real_connect()
#1 C:\Program Files\Ampps\www\wed-admin\system\Database\BaseConnection.php(382): CodeIgniter\Database\MySQLi\Connection->connect()
#2 C:\Program Files\Ampps\www\wed-admin\system\Database\BaseConnection.php(588): CodeIgniter\Database\BaseConnection->initialize()
#3 C:\Program Files\Ampps\www\wed-admin\app\Views\kategori.php(34): CodeIgniter\Database\BaseConnection->query()
#4 C:\Program Files\Ampps\www\wed-admin\system\View\View.php(213): include('C:\\Program File...')
#5 C:\Program Files\Ampps\www\wed-admin\system\View\View.php(216): CodeIgniter\View\View->CodeIgniter\View\{closure}()
#6 C:\Program Files\Ampps\www\wed-admin\system\Common.php(1137): CodeIgniter\View\View->render()
#7 C:\Program Files\Ampps\www\wed-admin\app\Controllers\Page.php(15): view()
#8 C:\Program Files\Ampps\www\wed-admin\system\CodeIgniter.php(898): App\Controllers\Page->kategori()
#9 C:\Program Files\Ampps\www\wed-admin\system\CodeIgniter.php(457): CodeIgniter\CodeIgniter->runController()
#10 C:\Program Files\Ampps\www\wed-admin\system\CodeIgniter.php(340): CodeIgniter\CodeIgniter->handleRequest()
#11 C:\Program Files\Ampps\www\wed-admin\index.php(67): CodeIgniter\CodeIgniter->run()
#12 {main}

Next CodeIgniter\Database\Exceptions\DatabaseException: Access denied for user ''@'localhost' (using password: NO) in C:\Program Files\Ampps\www\wed-admin\system\Database\MySQLi\Connection.php:215
Stack trace:
#0 C:\Program Files\Ampps\www\wed-admin\system\Database\BaseConnection.php(382): CodeIgniter\Database\MySQLi\Connection->connect()
#1 C:\Program Files\Ampps\www\wed-admin\system\Database\BaseConnection.php(588): CodeIgniter\Database\BaseConnection->initialize()
#2 C:\Program Files\Ampps\www\wed-admin\app\Views\kategori.php(34): CodeIgniter\Database\BaseConnection->query()
#3 C:\Program Files\Ampps\www\wed-admin\system\View\View.php(213): include('C:\\Program File...')
#4 C:\Program Files\Ampps\www\wed-admin\system\View\View.php(216): CodeIgniter\View\View->CodeIgniter\View\{closure}()
#5 C:\Program Files\Ampps\www\wed-admin\system\Common.php(1137): CodeIgniter\View\View->render()
#6 C:\Program Files\Ampps\www\wed-admin\app\Controllers\Page.php(15): view()
#7 C:\Program Files\Ampps\www\wed-admin\system\CodeIgniter.php(898): App\Controllers\Page->kategori()
#8 C:\Program Files\Ampps\www\wed-admin\system\CodeIgniter.php(457): CodeIgniter\CodeIgniter->runController()
#9 C:\Program Files\Ampps\www\wed-admin\system\CodeIgniter.php(340): CodeIgniter\CodeIgniter->handleRequest()
#10 C:\Program Files\Ampps\www\wed-admin\index.php(67): CodeIgniter\CodeIgniter->run()
#11 {main}
CRITICAL - 2022-08-05 22:37:48 --> Unable to connect to the database.
Main connection [MySQLi]: Access denied for user ''@'localhost' (using password: NO)
in SYSTEMPATH\Database\BaseConnection.php on line 418.
 1 SYSTEMPATH\Database\BaseConnection.php(588): CodeIgniter\Database\BaseConnection->initialize()
 2 APPPATH\Views\kategori.php(34): CodeIgniter\Database\BaseConnection->query()
 3 SYSTEMPATH\View\View.php(213): include('APPPATH\\Views\\kategori.php')
 4 SYSTEMPATH\View\View.php(216): CodeIgniter\View\View->CodeIgniter\View\{closure}()
 5 SYSTEMPATH\Common.php(1137): CodeIgniter\View\View->render()
 6 APPPATH\Controllers\Page.php(15): view()
 7 SYSTEMPATH\CodeIgniter.php(898): App\Controllers\Page->kategori()
 8 SYSTEMPATH\CodeIgniter.php(457): CodeIgniter\CodeIgniter->runController()
 9 SYSTEMPATH\CodeIgniter.php(340): CodeIgniter\CodeIgniter->handleRequest()
10 FCPATH\index.php(67): CodeIgniter\CodeIgniter->run()
ERROR - 2022-08-05 22:48:39 --> mysqli_sql_exception: Column 'namaKategori' cannot be null in C:\Program Files\Ampps\www\wed-admin\system\Database\MySQLi\Connection.php:292
Stack trace:
#0 C:\Program Files\Ampps\www\wed-admin\system\Database\MySQLi\Connection.php(292): mysqli->query()
#1 C:\Program Files\Ampps\www\wed-admin\system\Database\BaseConnection.php(693): CodeIgniter\Database\MySQLi\Connection->execute()
#2 C:\Program Files\Ampps\www\wed-admin\system\Database\BaseConnection.php(620): CodeIgniter\Database\BaseConnection->simpleQuery()
#3 C:\Program Files\Ampps\www\wed-admin\system\Database\BaseBuilder.php(1916): CodeIgniter\Database\BaseConnection->query()
#4 C:\Program Files\Ampps\www\wed-admin\app\Models\KategoriModel.php(19): CodeIgniter\Database\BaseBuilder->insert()
#5 C:\Program Files\Ampps\www\wed-admin\app\Controllers\Page.php(38): App\Models\KategoriModel->add()
#6 C:\Program Files\Ampps\www\wed-admin\system\CodeIgniter.php(898): App\Controllers\Page->saveKategori()
#7 C:\Program Files\Ampps\www\wed-admin\system\CodeIgniter.php(457): CodeIgniter\CodeIgniter->runController()
#8 C:\Program Files\Ampps\www\wed-admin\system\CodeIgniter.php(340): CodeIgniter\CodeIgniter->handleRequest()
#9 C:\Program Files\Ampps\www\wed-admin\index.php(67): CodeIgniter\CodeIgniter->run()
#10 {main}
CRITICAL - 2022-08-05 22:48:39 --> Column 'namaKategori' cannot be null
in SYSTEMPATH\Database\MySQLi\Connection.php on line 292.
 1 SYSTEMPATH\Database\MySQLi\Connection.php(292): mysqli->query()
 2 SYSTEMPATH\Database\BaseConnection.php(693): CodeIgniter\Database\MySQLi\Connection->execute()
 3 SYSTEMPATH\Database\BaseConnection.php(620): CodeIgniter\Database\BaseConnection->simpleQuery()
 4 SYSTEMPATH\Database\BaseBuilder.php(1916): CodeIgniter\Database\BaseConnection->query()
 5 APPPATH\Models\KategoriModel.php(19): CodeIgniter\Database\BaseBuilder->insert()
 6 APPPATH\Controllers\Page.php(38): App\Models\KategoriModel->add()
 7 SYSTEMPATH\CodeIgniter.php(898): App\Controllers\Page->saveKategori()
 8 SYSTEMPATH\CodeIgniter.php(457): CodeIgniter\CodeIgniter->runController()
 9 SYSTEMPATH\CodeIgniter.php(340): CodeIgniter\CodeIgniter->handleRequest()
10 FCPATH\index.php(67): CodeIgniter\CodeIgniter->run()
CRITICAL - 2022-08-05 22:49:03 --> Undefined index: id_kategori
in APPPATH\Views\kategori.php on line 43.
 1 APPPATH\Views\kategori.php(43): CodeIgniter\Debug\Exceptions->errorHandler()
 2 SYSTEMPATH\View\View.php(213): include('APPPATH\\Views\\kategori.php')
 3 SYSTEMPATH\View\View.php(216): CodeIgniter\View\View->CodeIgniter\View\{closure}()
 4 SYSTEMPATH\Common.php(1137): CodeIgniter\View\View->render()
 5 APPPATH\Controllers\Page.php(24): view()
 6 SYSTEMPATH\CodeIgniter.php(898): App\Controllers\Page->kategori()
 7 SYSTEMPATH\CodeIgniter.php(457): CodeIgniter\CodeIgniter->runController()
 8 SYSTEMPATH\CodeIgniter.php(340): CodeIgniter\CodeIgniter->handleRequest()
 9 FCPATH\index.php(67): CodeIgniter\CodeIgniter->run()
CRITICAL - 2022-08-05 23:13:26 --> Invalid file: editKategori.php
in SYSTEMPATH\Exceptions\FrameworkException.php on line 33.
 1 SYSTEMPATH\View\View.php(201): CodeIgniter\Exceptions\FrameworkException::forInvalidFile()
 2 SYSTEMPATH\Common.php(1137): CodeIgniter\View\View->render()
 3 APPPATH\Controllers\Page.php(48): view()
 4 SYSTEMPATH\CodeIgniter.php(898): App\Controllers\Page->editKategori()
 5 SYSTEMPATH\CodeIgniter.php(457): CodeIgniter\CodeIgniter->runController()
 6 SYSTEMPATH\CodeIgniter.php(340): CodeIgniter\CodeIgniter->handleRequest()
 7 FCPATH\index.php(67): CodeIgniter\CodeIgniter->run()
CRITICAL - 2022-08-05 23:14:03 --> Illegal string offset 'namaKategori'
in APPPATH\Views\editKategori.php on line 31.
 1 APPPATH\Views\editKategori.php(31): CodeIgniter\Debug\Exceptions->errorHandler()
 2 SYSTEMPATH\View\View.php(213): include('APPPATH\\Views\\editKategori.php')
 3 SYSTEMPATH\View\View.php(216): CodeIgniter\View\View->CodeIgniter\View\{closure}()
 4 SYSTEMPATH\Common.php(1137): CodeIgniter\View\View->render()
 5 APPPATH\Controllers\Page.php(48): view()
 6 SYSTEMPATH\CodeIgniter.php(898): App\Controllers\Page->editKategori()
 7 SYSTEMPATH\CodeIgniter.php(457): CodeIgniter\CodeIgniter->runController()
 8 SYSTEMPATH\CodeIgniter.php(340): CodeIgniter\CodeIgniter->handleRequest()
 9 FCPATH\index.php(67): CodeIgniter\CodeIgniter->run()
CRITICAL - 2022-08-05 23:16:50 --> Illegal string offset 'namaKategori'
in APPPATH\Views\editKategori.php on line 32.
 1 APPPATH\Views\editKategori.php(32): CodeIgniter\Debug\Exceptions->errorHandler()
 2 SYSTEMPATH\View\View.php(213): include('APPPATH\\Views\\editKategori.php')
 3 SYSTEMPATH\View\View.php(216): CodeIgniter\View\View->CodeIgniter\View\{closure}()
 4 SYSTEMPATH\Common.php(1137): CodeIgniter\View\View->render()
 5 APPPATH\Controllers\Page.php(48): view()
 6 SYSTEMPATH\CodeIgniter.php(898): App\Controllers\Page->editKategori()
 7 SYSTEMPATH\CodeIgniter.php(457): CodeIgniter\CodeIgniter->runController()
 8 SYSTEMPATH\CodeIgniter.php(340): CodeIgniter\CodeIgniter->handleRequest()
 9 FCPATH\index.php(67): CodeIgniter\CodeIgniter->run()
CRITICAL - 2022-08-05 23:17:55 --> Illegal string offset 'namaKategori'
in APPPATH\Views\editKategori.php on line 32.
 1 APPPATH\Views\editKategori.php(32): CodeIgniter\Debug\Exceptions->errorHandler()
 2 SYSTEMPATH\View\View.php(213): include('APPPATH\\Views\\editKategori.php')
 3 SYSTEMPATH\View\View.php(216): CodeIgniter\View\View->CodeIgniter\View\{closure}()
 4 SYSTEMPATH\Common.php(1137): CodeIgniter\View\View->render()
 5 APPPATH\Controllers\Page.php(48): view()
 6 SYSTEMPATH\CodeIgniter.php(898): App\Controllers\Page->editKategori()
 7 SYSTEMPATH\CodeIgniter.php(457): CodeIgniter\CodeIgniter->runController()
 8 SYSTEMPATH\CodeIgniter.php(340): CodeIgniter\CodeIgniter->handleRequest()
 9 FCPATH\index.php(67): CodeIgniter\CodeIgniter->run()
CRITICAL - 2022-08-05 23:18:37 --> Illegal string offset 'namaKategori'
in APPPATH\Views\editKategori.php on line 32.
 1 APPPATH\Views\editKategori.php(32): CodeIgniter\Debug\Exceptions->errorHandler()
 2 SYSTEMPATH\View\View.php(213): include('APPPATH\\Views\\editKategori.php')
 3 SYSTEMPATH\View\View.php(216): CodeIgniter\View\View->CodeIgniter\View\{closure}()
 4 SYSTEMPATH\Common.php(1137): CodeIgniter\View\View->render()
 5 APPPATH\Controllers\Page.php(48): view()
 6 SYSTEMPATH\CodeIgniter.php(898): App\Controllers\Page->editKategori()
 7 SYSTEMPATH\CodeIgniter.php(457): CodeIgniter\CodeIgniter->runController()
 8 SYSTEMPATH\CodeIgniter.php(340): CodeIgniter\CodeIgniter->handleRequest()
 9 FCPATH\index.php(67): CodeIgniter\CodeIgniter->run()
CRITICAL - 2022-08-05 23:20:10 --> Undefined property: CodeIgniter\View\View::$namaKategori
in APPPATH\Views\editKategori.php on line 32.
 1 APPPATH\Views\editKategori.php(32): CodeIgniter\Debug\Exceptions->errorHandler()
 2 SYSTEMPATH\View\View.php(213): include('APPPATH\\Views\\editKategori.php')
 3 SYSTEMPATH\View\View.php(216): CodeIgniter\View\View->CodeIgniter\View\{closure}()
 4 SYSTEMPATH\Common.php(1137): CodeIgniter\View\View->render()
 5 APPPATH\Controllers\Page.php(48): view()
 6 SYSTEMPATH\CodeIgniter.php(898): App\Controllers\Page->editKategori()
 7 SYSTEMPATH\CodeIgniter.php(457): CodeIgniter\CodeIgniter->runController()
 8 SYSTEMPATH\CodeIgniter.php(340): CodeIgniter\CodeIgniter->handleRequest()
 9 FCPATH\index.php(67): CodeIgniter\CodeIgniter->run()
CRITICAL - 2022-08-05 23:20:27 --> Illegal string offset 'namaKategori'
in APPPATH\Views\editKategori.php on line 28.
 1 APPPATH\Views\editKategori.php(28): CodeIgniter\Debug\Exceptions->errorHandler()
 2 SYSTEMPATH\View\View.php(213): include('APPPATH\\Views\\editKategori.php')
 3 SYSTEMPATH\View\View.php(216): CodeIgniter\View\View->CodeIgniter\View\{closure}()
 4 SYSTEMPATH\Common.php(1137): CodeIgniter\View\View->render()
 5 APPPATH\Controllers\Page.php(48): view()
 6 SYSTEMPATH\CodeIgniter.php(898): App\Controllers\Page->editKategori()
 7 SYSTEMPATH\CodeIgniter.php(457): CodeIgniter\CodeIgniter->runController()
 8 SYSTEMPATH\CodeIgniter.php(340): CodeIgniter\CodeIgniter->handleRequest()
 9 FCPATH\index.php(67): CodeIgniter\CodeIgniter->run()
CRITICAL - 2022-08-05 23:20:36 --> Illegal string offset 'namaKategori'
in APPPATH\Views\editKategori.php on line 28.
 1 APPPATH\Views\editKategori.php(28): CodeIgniter\Debug\Exceptions->errorHandler()
 2 SYSTEMPATH\View\View.php(213): include('APPPATH\\Views\\editKategori.php')
 3 SYSTEMPATH\View\View.php(216): CodeIgniter\View\View->CodeIgniter\View\{closure}()
 4 SYSTEMPATH\Common.php(1137): CodeIgniter\View\View->render()
 5 APPPATH\Controllers\Page.php(48): view()
 6 SYSTEMPATH\CodeIgniter.php(898): App\Controllers\Page->editKategori()
 7 SYSTEMPATH\CodeIgniter.php(457): CodeIgniter\CodeIgniter->runController()
 8 SYSTEMPATH\CodeIgniter.php(340): CodeIgniter\CodeIgniter->handleRequest()
 9 FCPATH\index.php(67): CodeIgniter\CodeIgniter->run()
CRITICAL - 2022-08-05 23:21:22 --> Illegal string offset 'namaKategori'
in APPPATH\Views\editKategori.php on line 28.
 1 APPPATH\Views\editKategori.php(28): CodeIgniter\Debug\Exceptions->errorHandler()
 2 SYSTEMPATH\View\View.php(213): include('APPPATH\\Views\\editKategori.php')
 3 SYSTEMPATH\View\View.php(216): CodeIgniter\View\View->CodeIgniter\View\{closure}()
 4 SYSTEMPATH\Common.php(1137): CodeIgniter\View\View->render()
 5 APPPATH\Controllers\Page.php(48): view()
 6 SYSTEMPATH\CodeIgniter.php(898): App\Controllers\Page->editKategori()
 7 SYSTEMPATH\CodeIgniter.php(457): CodeIgniter\CodeIgniter->runController()
 8 SYSTEMPATH\CodeIgniter.php(340): CodeIgniter\CodeIgniter->handleRequest()
 9 FCPATH\index.php(67): CodeIgniter\CodeIgniter->run()
CRITICAL - 2022-08-05 23:23:19 --> Undefined property: CodeIgniter\View\View::$namaKategori
in APPPATH\Views\editKategori.php on line 32.
 1 APPPATH\Views\editKategori.php(32): CodeIgniter\Debug\Exceptions->errorHandler()
 2 SYSTEMPATH\View\View.php(213): include('APPPATH\\Views\\editKategori.php')
 3 SYSTEMPATH\View\View.php(216): CodeIgniter\View\View->CodeIgniter\View\{closure}()
 4 SYSTEMPATH\Common.php(1137): CodeIgniter\View\View->render()
 5 APPPATH\Controllers\Page.php(49): view()
 6 SYSTEMPATH\CodeIgniter.php(898): App\Controllers\Page->editKategori()
 7 SYSTEMPATH\CodeIgniter.php(457): CodeIgniter\CodeIgniter->runController()
 8 SYSTEMPATH\CodeIgniter.php(340): CodeIgniter\CodeIgniter->handleRequest()
 9 FCPATH\index.php(67): CodeIgniter\CodeIgniter->run()
