CRITICAL - 2022-08-09 07:14:14 --> syntax error, unexpected 'echo' (T_ECHO)
in APPPATH\Views\kategori.php on line 45.
 1 SYSTEMPATH\View\View.php(216): CodeIgniter\View\View->CodeIgniter\View\{closure}()
 2 SYSTEMPATH\Common.php(1137): CodeIgniter\View\View->render()
 3 APPPATH\Controllers\Page.php(24): view()
 4 SYSTEMPATH\CodeIgniter.php(898): App\Controllers\Page->kategori()
 5 SYSTEMPATH\CodeIgniter.php(457): CodeIgniter\CodeIgniter->runController()
 6 SYSTEMPATH\CodeIgniter.php(340): CodeIgniter\CodeIgniter->handleRequest()
 7 FCPATH\index.php(67): CodeIgniter\CodeIgniter->run()
CRITICAL - 2022-08-09 07:22:32 --> Class 'App\Models\InvitationModel' not found
in APPPATH\Controllers\Invitation.php on line 13.
 1 SYSTEMPATH\CodeIgniter.php(860): App\Controllers\Invitation->__construct()
 2 SYSTEMPATH\CodeIgniter.php(448): CodeIgniter\CodeIgniter->createController()
 3 SYSTEMPATH\CodeIgniter.php(340): CodeIgniter\CodeIgniter->handleRequest()
 4 FCPATH\index.php(67): CodeIgniter\CodeIgniter->run()
CRITICAL - 2022-08-09 07:23:04 --> Class 'App\Models\InvitationModel' not found
in APPPATH\Controllers\Invitation.php on line 13.
 1 SYSTEMPATH\CodeIgniter.php(860): App\Controllers\Invitation->__construct()
 2 SYSTEMPATH\CodeIgniter.php(448): CodeIgniter\CodeIgniter->createController()
 3 SYSTEMPATH\CodeIgniter.php(340): CodeIgniter\CodeIgniter->handleRequest()
 4 FCPATH\index.php(67): CodeIgniter\CodeIgniter->run()
CRITICAL - 2022-08-09 07:26:59 --> Undefined variable: k
in APPPATH\Views\invPria.php on line 54.
 1 APPPATH\Views\invPria.php(54): CodeIgniter\Debug\Exceptions->errorHandler()
 2 SYSTEMPATH\View\View.php(213): include('APPPATH\\Views\\invPria.php')
 3 SYSTEMPATH\View\View.php(216): CodeIgniter\View\View->CodeIgniter\View\{closure}()
 4 SYSTEMPATH\Common.php(1137): CodeIgniter\View\View->render()
 5 APPPATH\Controllers\Invitation.php(19): view()
 6 SYSTEMPATH\CodeIgniter.php(898): App\Controllers\Invitation->invPria()
 7 SYSTEMPATH\CodeIgniter.php(457): CodeIgniter\CodeIgniter->runController()
 8 SYSTEMPATH\CodeIgniter.php(340): CodeIgniter\CodeIgniter->handleRequest()
 9 FCPATH\index.php(67): CodeIgniter\CodeIgniter->run()
CRITICAL - 2022-08-09 08:30:59 --> file_get_contents(url_here): failed to open stream: No such file or directory
in APPPATH\Views\invPria.php on line 70.
 1 [internal function]: CodeIgniter\Debug\Exceptions->errorHandler()
 2 APPPATH\Views\invPria.php(70): file_get_contents()
 3 SYSTEMPATH\View\View.php(213): include('APPPATH\\Views\\invPria.php')
 4 SYSTEMPATH\View\View.php(216): CodeIgniter\View\View->CodeIgniter\View\{closure}()
 5 SYSTEMPATH\Common.php(1137): CodeIgniter\View\View->render()
 6 APPPATH\Controllers\Invitation.php(19): view()
 7 SYSTEMPATH\CodeIgniter.php(898): App\Controllers\Invitation->invPria()
 8 SYSTEMPATH\CodeIgniter.php(457): CodeIgniter\CodeIgniter->runController()
 9 SYSTEMPATH\CodeIgniter.php(340): CodeIgniter\CodeIgniter->handleRequest()
10 FCPATH\index.php(67): CodeIgniter\CodeIgniter->run()
CRITICAL - 2022-08-09 08:31:19 --> file_get_contents(https://api.textmebot.com/send.php?recipient=6285215565501&amp;apikey=ok8YnCnAybJB&amp;text=Halo Nauval Faris, selamat datang di Website Pernikahan Febro Herdyanto&amp;json=yes): failed to open stream: HTTP request failed! HTTP/1.1 400 Bad Request

in APPPATH\Views\invPria.php on line 70.
 1 [internal function]: CodeIgniter\Debug\Exceptions->errorHandler()
 2 APPPATH\Views\invPria.php(70): file_get_contents()
 3 SYSTEMPATH\View\View.php(213): include('APPPATH\\Views\\invPria.php')
 4 SYSTEMPATH\View\View.php(216): CodeIgniter\View\View->CodeIgniter\View\{closure}()
 5 SYSTEMPATH\Common.php(1137): CodeIgniter\View\View->render()
 6 APPPATH\Controllers\Invitation.php(19): view()
 7 SYSTEMPATH\CodeIgniter.php(898): App\Controllers\Invitation->invPria()
 8 SYSTEMPATH\CodeIgniter.php(457): CodeIgniter\CodeIgniter->runController()
 9 SYSTEMPATH\CodeIgniter.php(340): CodeIgniter\CodeIgniter->handleRequest()
10 FCPATH\index.php(67): CodeIgniter\CodeIgniter->run()
CRITICAL - 2022-08-09 08:32:50 --> file_get_contents(https://api.textmebot.com/send.php?recipient=6285215565501&amp;apikey=ok8YnCnAybJB&amp;text=Halo Nauval Faris, selamat datang di Website Pernikahan Febro Herdyanto&amp;json=yes): failed to open stream: HTTP request failed! HTTP/1.1 400 Bad Request

in APPPATH\Views\invPria.php on line 70.
 1 [internal function]: CodeIgniter\Debug\Exceptions->errorHandler()
 2 APPPATH\Views\invPria.php(70): file_get_contents()
 3 SYSTEMPATH\View\View.php(213): include('APPPATH\\Views\\invPria.php')
 4 SYSTEMPATH\View\View.php(216): CodeIgniter\View\View->CodeIgniter\View\{closure}()
 5 SYSTEMPATH\Common.php(1137): CodeIgniter\View\View->render()
 6 APPPATH\Controllers\Invitation.php(19): view()
 7 SYSTEMPATH\CodeIgniter.php(898): App\Controllers\Invitation->invPria()
 8 SYSTEMPATH\CodeIgniter.php(457): CodeIgniter\CodeIgniter->runController()
 9 SYSTEMPATH\CodeIgniter.php(340): CodeIgniter\CodeIgniter->handleRequest()
10 FCPATH\index.php(67): CodeIgniter\CodeIgniter->run()
CRITICAL - 2022-08-09 08:33:01 --> file_get_contents(https://api.textmebot.com/send.php?recipient=6285215565501&amp;apikey=ok8YnCnAybJB&amp;text=Halo Nauval Faris, selamat datang di Website Pernikahan Febro Herdyanto&amp;json=yes): failed to open stream: HTTP request failed! HTTP/1.1 400 Bad Request

in APPPATH\Views\invPria.php on line 70.
 1 [internal function]: CodeIgniter\Debug\Exceptions->errorHandler()
 2 APPPATH\Views\invPria.php(70): file_get_contents()
 3 SYSTEMPATH\View\View.php(213): include('APPPATH\\Views\\invPria.php')
 4 SYSTEMPATH\View\View.php(216): CodeIgniter\View\View->CodeIgniter\View\{closure}()
 5 SYSTEMPATH\Common.php(1137): CodeIgniter\View\View->render()
 6 APPPATH\Controllers\Invitation.php(19): view()
 7 SYSTEMPATH\CodeIgniter.php(898): App\Controllers\Invitation->invPria()
 8 SYSTEMPATH\CodeIgniter.php(457): CodeIgniter\CodeIgniter->runController()
 9 SYSTEMPATH\CodeIgniter.php(340): CodeIgniter\CodeIgniter->handleRequest()
10 FCPATH\index.php(67): CodeIgniter\CodeIgniter->run()
CRITICAL - 2022-08-09 08:33:12 --> file_get_contents(https://api.textmebot.com/send.php?recipient=6285215565501&amp;apikey=ok8YnCnAybJB&amp;text=Halo Nauval Faris, selamat datang di Website Pernikahan Febro Herdyanto&amp;json=yes): failed to open stream: HTTP request failed! HTTP/1.1 400 Bad Request

in APPPATH\Views\invPria.php on line 70.
 1 [internal function]: CodeIgniter\Debug\Exceptions->errorHandler()
 2 APPPATH\Views\invPria.php(70): file_get_contents()
 3 SYSTEMPATH\View\View.php(213): include('APPPATH\\Views\\invPria.php')
 4 SYSTEMPATH\View\View.php(216): CodeIgniter\View\View->CodeIgniter\View\{closure}()
 5 SYSTEMPATH\Common.php(1137): CodeIgniter\View\View->render()
 6 APPPATH\Controllers\Invitation.php(19): view()
 7 SYSTEMPATH\CodeIgniter.php(898): App\Controllers\Invitation->invPria()
 8 SYSTEMPATH\CodeIgniter.php(457): CodeIgniter\CodeIgniter->runController()
 9 SYSTEMPATH\CodeIgniter.php(340): CodeIgniter\CodeIgniter->handleRequest()
10 FCPATH\index.php(67): CodeIgniter\CodeIgniter->run()
CRITICAL - 2022-08-09 08:50:31 --> Trying to access array offset on value of type null
in APPPATH\Views\invPria.php on line 101.
 1 APPPATH\Views\invPria.php(101): CodeIgniter\Debug\Exceptions->errorHandler()
 2 SYSTEMPATH\View\View.php(213): include('APPPATH\\Views\\invPria.php')
 3 SYSTEMPATH\View\View.php(216): CodeIgniter\View\View->CodeIgniter\View\{closure}()
 4 SYSTEMPATH\Common.php(1137): CodeIgniter\View\View->render()
 5 APPPATH\Controllers\Invitation.php(19): view()
 6 SYSTEMPATH\CodeIgniter.php(898): App\Controllers\Invitation->invPria()
 7 SYSTEMPATH\CodeIgniter.php(457): CodeIgniter\CodeIgniter->runController()
 8 SYSTEMPATH\CodeIgniter.php(340): CodeIgniter\CodeIgniter->handleRequest()
 9 FCPATH\index.php(67): CodeIgniter\CodeIgniter->run()
CRITICAL - 2022-08-09 08:51:07 --> Invalid argument supplied for foreach()
in APPPATH\Views\invPria.php on line 101.
 1 APPPATH\Views\invPria.php(101): CodeIgniter\Debug\Exceptions->errorHandler()
 2 SYSTEMPATH\View\View.php(213): include('APPPATH\\Views\\invPria.php')
 3 SYSTEMPATH\View\View.php(216): CodeIgniter\View\View->CodeIgniter\View\{closure}()
 4 SYSTEMPATH\Common.php(1137): CodeIgniter\View\View->render()
 5 APPPATH\Controllers\Invitation.php(19): view()
 6 SYSTEMPATH\CodeIgniter.php(898): App\Controllers\Invitation->invPria()
 7 SYSTEMPATH\CodeIgniter.php(457): CodeIgniter\CodeIgniter->runController()
 8 SYSTEMPATH\CodeIgniter.php(340): CodeIgniter\CodeIgniter->handleRequest()
 9 FCPATH\index.php(67): CodeIgniter\CodeIgniter->run()
CRITICAL - 2022-08-09 08:51:18 --> Invalid argument supplied for foreach()
in APPPATH\Views\invPria.php on line 101.
 1 APPPATH\Views\invPria.php(101): CodeIgniter\Debug\Exceptions->errorHandler()
 2 SYSTEMPATH\View\View.php(213): include('APPPATH\\Views\\invPria.php')
 3 SYSTEMPATH\View\View.php(216): CodeIgniter\View\View->CodeIgniter\View\{closure}()
 4 SYSTEMPATH\Common.php(1137): CodeIgniter\View\View->render()
 5 APPPATH\Controllers\Invitation.php(19): view()
 6 SYSTEMPATH\CodeIgniter.php(898): App\Controllers\Invitation->invPria()
 7 SYSTEMPATH\CodeIgniter.php(457): CodeIgniter\CodeIgniter->runController()
 8 SYSTEMPATH\CodeIgniter.php(340): CodeIgniter\CodeIgniter->handleRequest()
 9 FCPATH\index.php(67): CodeIgniter\CodeIgniter->run()
CRITICAL - 2022-08-09 08:52:30 --> Invalid argument supplied for foreach()
in APPPATH\Views\invPria.php on line 101.
 1 APPPATH\Views\invPria.php(101): CodeIgniter\Debug\Exceptions->errorHandler()
 2 SYSTEMPATH\View\View.php(213): include('APPPATH\\Views\\invPria.php')
 3 SYSTEMPATH\View\View.php(216): CodeIgniter\View\View->CodeIgniter\View\{closure}()
 4 SYSTEMPATH\Common.php(1137): CodeIgniter\View\View->render()
 5 APPPATH\Controllers\Invitation.php(19): view()
 6 SYSTEMPATH\CodeIgniter.php(898): App\Controllers\Invitation->invPria()
 7 SYSTEMPATH\CodeIgniter.php(457): CodeIgniter\CodeIgniter->runController()
 8 SYSTEMPATH\CodeIgniter.php(340): CodeIgniter\CodeIgniter->handleRequest()
 9 FCPATH\index.php(67): CodeIgniter\CodeIgniter->run()
CRITICAL - 2022-08-09 08:52:44 --> Trying to access array offset on value of type null
in APPPATH\Views\editKategori.php on line 30.
 1 APPPATH\Views\editKategori.php(30): CodeIgniter\Debug\Exceptions->errorHandler()
 2 SYSTEMPATH\View\View.php(213): include('APPPATH\\Views\\editKategori.php')
 3 SYSTEMPATH\View\View.php(216): CodeIgniter\View\View->CodeIgniter\View\{closure}()
 4 SYSTEMPATH\Common.php(1137): CodeIgniter\View\View->render()
 5 APPPATH\Controllers\Page.php(49): view()
 6 SYSTEMPATH\CodeIgniter.php(898): App\Controllers\Page->editKategori()
 7 SYSTEMPATH\CodeIgniter.php(457): CodeIgniter\CodeIgniter->runController()
 8 SYSTEMPATH\CodeIgniter.php(340): CodeIgniter\CodeIgniter->handleRequest()
 9 FCPATH\index.php(67): CodeIgniter\CodeIgniter->run()
CRITICAL - 2022-08-09 09:06:03 --> syntax error, unexpected ''telpGuest\']; ?>&apikey=ok8Yn' (T_CONSTANT_ENCAPSED_STRING), expecting identifier (T_STRING)
in APPPATH\Views\invPria.php on line 87.
 1 SYSTEMPATH\View\View.php(216): CodeIgniter\View\View->CodeIgniter\View\{closure}()
 2 SYSTEMPATH\Common.php(1137): CodeIgniter\View\View->render()
 3 APPPATH\Controllers\Invitation.php(19): view()
 4 SYSTEMPATH\CodeIgniter.php(898): App\Controllers\Invitation->invPria()
 5 SYSTEMPATH\CodeIgniter.php(457): CodeIgniter\CodeIgniter->runController()
 6 SYSTEMPATH\CodeIgniter.php(340): CodeIgniter\CodeIgniter->handleRequest()
 7 FCPATH\index.php(67): CodeIgniter\CodeIgniter->run()
CRITICAL - 2022-08-09 09:06:09 --> syntax error, unexpected ''telpGuest'' (T_CONSTANT_ENCAPSED_STRING), expecting identifier (T_STRING)
in APPPATH\Views\invPria.php on line 87.
 1 SYSTEMPATH\View\View.php(216): CodeIgniter\View\View->CodeIgniter\View\{closure}()
 2 SYSTEMPATH\Common.php(1137): CodeIgniter\View\View->render()
 3 APPPATH\Controllers\Invitation.php(19): view()
 4 SYSTEMPATH\CodeIgniter.php(898): App\Controllers\Invitation->invPria()
 5 SYSTEMPATH\CodeIgniter.php(457): CodeIgniter\CodeIgniter->runController()
 6 SYSTEMPATH\CodeIgniter.php(340): CodeIgniter\CodeIgniter->handleRequest()
 7 FCPATH\index.php(67): CodeIgniter\CodeIgniter->run()
CRITICAL - 2022-08-09 09:58:12 --> syntax error, unexpected '' - \'.$telp; ?>'' (T_CONSTANT_ENCAPSED_STRING), expecting identifier (T_STRING)
in APPPATH\Views\invPria.php on line 96.
 1 SYSTEMPATH\View\View.php(216): CodeIgniter\View\View->CodeIgniter\View\{closure}()
 2 SYSTEMPATH\Common.php(1137): CodeIgniter\View\View->render()
 3 APPPATH\Controllers\Invitation.php(19): view()
 4 SYSTEMPATH\CodeIgniter.php(898): App\Controllers\Invitation->invPria()
 5 SYSTEMPATH\CodeIgniter.php(457): CodeIgniter\CodeIgniter->runController()
 6 SYSTEMPATH\CodeIgniter.php(340): CodeIgniter\CodeIgniter->handleRequest()
 7 FCPATH\index.php(67): CodeIgniter\CodeIgniter->run()
CRITICAL - 2022-08-09 09:58:21 --> syntax error, unexpected '' - \'.$telp; ?>\'), hyperlink' (T_CONSTANT_ENCAPSED_STRING), expecting identifier (T_STRING)
in APPPATH\Views\invPria.php on line 96.
 1 SYSTEMPATH\View\View.php(216): CodeIgniter\View\View->CodeIgniter\View\{closure}()
 2 SYSTEMPATH\Common.php(1137): CodeIgniter\View\View->render()
 3 APPPATH\Controllers\Invitation.php(19): view()
 4 SYSTEMPATH\CodeIgniter.php(898): App\Controllers\Invitation->invPria()
 5 SYSTEMPATH\CodeIgniter.php(457): CodeIgniter\CodeIgniter->runController()
 6 SYSTEMPATH\CodeIgniter.php(340): CodeIgniter\CodeIgniter->handleRequest()
 7 FCPATH\index.php(67): CodeIgniter\CodeIgniter->run()
CRITICAL - 2022-08-09 10:17:32 --> Undefined index: nickname
in APPPATH\Views\invPria.php on line 65.
 1 APPPATH\Views\invPria.php(65): CodeIgniter\Debug\Exceptions->errorHandler()
 2 SYSTEMPATH\View\View.php(213): include('APPPATH\\Views\\invPria.php')
 3 SYSTEMPATH\View\View.php(216): CodeIgniter\View\View->CodeIgniter\View\{closure}()
 4 SYSTEMPATH\Common.php(1137): CodeIgniter\View\View->render()
 5 APPPATH\Controllers\Invitation.php(19): view()
 6 SYSTEMPATH\CodeIgniter.php(898): App\Controllers\Invitation->invPria()
 7 SYSTEMPATH\CodeIgniter.php(457): CodeIgniter\CodeIgniter->runController()
 8 SYSTEMPATH\CodeIgniter.php(340): CodeIgniter\CodeIgniter->handleRequest()
 9 FCPATH\index.php(67): CodeIgniter\CodeIgniter->run()
CRITICAL - 2022-08-09 10:17:54 --> Undefined index: nickname
in APPPATH\Views\invPria.php on line 65.
 1 APPPATH\Views\invPria.php(65): CodeIgniter\Debug\Exceptions->errorHandler()
 2 SYSTEMPATH\View\View.php(213): include('APPPATH\\Views\\invPria.php')
 3 SYSTEMPATH\View\View.php(216): CodeIgniter\View\View->CodeIgniter\View\{closure}()
 4 SYSTEMPATH\Common.php(1137): CodeIgniter\View\View->render()
 5 APPPATH\Controllers\Invitation.php(19): view()
 6 SYSTEMPATH\CodeIgniter.php(898): App\Controllers\Invitation->invPria()
 7 SYSTEMPATH\CodeIgniter.php(457): CodeIgniter\CodeIgniter->runController()
 8 SYSTEMPATH\CodeIgniter.php(340): CodeIgniter\CodeIgniter->handleRequest()
 9 FCPATH\index.php(67): CodeIgniter\CodeIgniter->run()
