CRITICAL - 2022-08-13 01:08:54 --> Undefined variable: datawarga
in APPPATH\Views\content.php on line 22.
 1 APPPATH\Views\content.php(22): CodeIgniter\Debug\Exceptions->errorHandler()
 2 SYSTEMPATH\View\View.php(213): include('APPPATH\\Views\\content.php')
 3 SYSTEMPATH\View\View.php(216): CodeIgniter\View\View->CodeIgniter\View\{closure}()
 4 SYSTEMPATH\View\View.php(429): CodeIgniter\View\View->render()
 5 APPPATH\Views\dashboard.php(8): CodeIgniter\View\View->include()
 6 SYSTEMPATH\View\View.php(213): include('APPPATH\\Views\\dashboard.php')
 7 SYSTEMPATH\View\View.php(216): CodeIgniter\View\View->CodeIgniter\View\{closure}()
 8 SYSTEMPATH\Common.php(1137): CodeIgniter\View\View->render()
 9 APPPATH\Controllers\Page.php(12): view()
10 SYSTEMPATH\CodeIgniter.php(898): App\Controllers\Page->dashboard()
11 SYSTEMPATH\CodeIgniter.php(457): CodeIgniter\CodeIgniter->runController()
12 SYSTEMPATH\CodeIgniter.php(340): CodeIgniter\CodeIgniter->handleRequest()
13 FCPATH\index.php(67): CodeIgniter\CodeIgniter->run()
CRITICAL - 2022-08-13 22:09:47 --> Call to undefined method App\Models\TamuModel::getTamuPria
in SYSTEMPATH\Model.php on line 773.
 1 APPPATH\Controllers\Tamu.php(25): CodeIgniter\Model->__call()
 2 SYSTEMPATH\CodeIgniter.php(898): App\Controllers\Tamu->tamuPria()
 3 SYSTEMPATH\CodeIgniter.php(457): CodeIgniter\CodeIgniter->runController()
 4 SYSTEMPATH\CodeIgniter.php(340): CodeIgniter\CodeIgniter->handleRequest()
 5 FCPATH\index.php(67): CodeIgniter\CodeIgniter->run()
CRITICAL - 2022-08-13 22:09:58 --> Call to undefined method App\Models\TamuModel::getTamuPria
in SYSTEMPATH\Model.php on line 773.
 1 APPPATH\Controllers\Tamu.php(25): CodeIgniter\Model->__call()
 2 SYSTEMPATH\CodeIgniter.php(898): App\Controllers\Tamu->tamuPria()
 3 SYSTEMPATH\CodeIgniter.php(457): CodeIgniter\CodeIgniter->runController()
 4 SYSTEMPATH\CodeIgniter.php(340): CodeIgniter\CodeIgniter->handleRequest()
 5 FCPATH\index.php(67): CodeIgniter\CodeIgniter->run()
ERROR - 2022-08-13 22:10:18 --> mysqli_sql_exception: You have an error in your SQL syntax; check the manual that corresponds to your MySQL server version for the right syntax to use near ''1' at line 1 in C:\Program Files\Ampps\www\wedding-admin\system\Database\MySQLi\Connection.php:292
Stack trace:
#0 C:\Program Files\Ampps\www\wedding-admin\system\Database\MySQLi\Connection.php(292): mysqli->query()
#1 C:\Program Files\Ampps\www\wedding-admin\system\Database\BaseConnection.php(693): CodeIgniter\Database\MySQLi\Connection->execute()
#2 C:\Program Files\Ampps\www\wedding-admin\system\Database\BaseConnection.php(620): CodeIgniter\Database\BaseConnection->simpleQuery()
#3 C:\Program Files\Ampps\www\wedding-admin\app\Views\tamupria.php(37): CodeIgniter\Database\BaseConnection->query()
#4 C:\Program Files\Ampps\www\wedding-admin\system\View\View.php(213): include('C:\\Program File...')
#5 C:\Program Files\Ampps\www\wedding-admin\system\View\View.php(216): CodeIgniter\View\View->CodeIgniter\View\{closure}()
#6 C:\Program Files\Ampps\www\wedding-admin\system\Common.php(1137): CodeIgniter\View\View->render()
#7 C:\Program Files\Ampps\www\wedding-admin\app\Controllers\Tamu.php(25): view()
#8 C:\Program Files\Ampps\www\wedding-admin\system\CodeIgniter.php(898): App\Controllers\Tamu->tamuPria()
#9 C:\Program Files\Ampps\www\wedding-admin\system\CodeIgniter.php(457): CodeIgniter\CodeIgniter->runController()
#10 C:\Program Files\Ampps\www\wedding-admin\system\CodeIgniter.php(340): CodeIgniter\CodeIgniter->handleRequest()
#11 C:\Program Files\Ampps\www\wedding-admin\index.php(67): CodeIgniter\CodeIgniter->run()
#12 {main}
CRITICAL - 2022-08-13 22:10:18 --> You have an error in your SQL syntax; check the manual that corresponds to your MySQL server version for the right syntax to use near ''1' at line 1
in SYSTEMPATH\Database\MySQLi\Connection.php on line 292.
 1 SYSTEMPATH\Database\MySQLi\Connection.php(292): mysqli->query()
 2 SYSTEMPATH\Database\BaseConnection.php(693): CodeIgniter\Database\MySQLi\Connection->execute()
 3 SYSTEMPATH\Database\BaseConnection.php(620): CodeIgniter\Database\BaseConnection->simpleQuery()
 4 APPPATH\Views\tamupria.php(37): CodeIgniter\Database\BaseConnection->query()
 5 SYSTEMPATH\View\View.php(213): include('APPPATH\\Views\\tamupria.php')
 6 SYSTEMPATH\View\View.php(216): CodeIgniter\View\View->CodeIgniter\View\{closure}()
 7 SYSTEMPATH\Common.php(1137): CodeIgniter\View\View->render()
 8 APPPATH\Controllers\Tamu.php(25): view()
 9 SYSTEMPATH\CodeIgniter.php(898): App\Controllers\Tamu->tamuPria()
10 SYSTEMPATH\CodeIgniter.php(457): CodeIgniter\CodeIgniter->runController()
11 SYSTEMPATH\CodeIgniter.php(340): CodeIgniter\CodeIgniter->handleRequest()
12 FCPATH\index.php(67): CodeIgniter\CodeIgniter->run()
