CRITICAL - 2022-08-06 00:00:38 --> Undefined index: sapaanGuest
in APPPATH\Views\tamu.php on line 44.
 1 APPPATH\Views\tamu.php(44): CodeIgniter\Debug\Exceptions->errorHandler()
 2 SYSTEMPATH\View\View.php(213): include('APPPATH\\Views\\tamu.php')
 3 SYSTEMPATH\View\View.php(216): CodeIgniter\View\View->CodeIgniter\View\{closure}()
 4 SYSTEMPATH\Common.php(1137): CodeIgniter\View\View->render()
 5 APPPATH\Controllers\Tamu.php(13): view()
 6 SYSTEMPATH\CodeIgniter.php(898): App\Controllers\Tamu->index()
 7 SYSTEMPATH\CodeIgniter.php(457): CodeIgniter\CodeIgniter->runController()
 8 SYSTEMPATH\CodeIgniter.php(340): CodeIgniter\CodeIgniter->handleRequest()
 9 FCPATH\index.php(67): CodeIgniter\CodeIgniter->run()
CRITICAL - 2022-08-06 00:01:18 --> Undefined index: sapaanGuest
in APPPATH\Views\tamu.php on line 44.
 1 APPPATH\Views\tamu.php(44): CodeIgniter\Debug\Exceptions->errorHandler()
 2 SYSTEMPATH\View\View.php(213): include('APPPATH\\Views\\tamu.php')
 3 SYSTEMPATH\View\View.php(216): CodeIgniter\View\View->CodeIgniter\View\{closure}()
 4 SYSTEMPATH\Common.php(1137): CodeIgniter\View\View->render()
 5 APPPATH\Controllers\Tamu.php(13): view()
 6 SYSTEMPATH\CodeIgniter.php(898): App\Controllers\Tamu->index()
 7 SYSTEMPATH\CodeIgniter.php(457): CodeIgniter\CodeIgniter->runController()
 8 SYSTEMPATH\CodeIgniter.php(340): CodeIgniter\CodeIgniter->handleRequest()
 9 FCPATH\index.php(67): CodeIgniter\CodeIgniter->run()
CRITICAL - 2022-08-06 00:01:27 --> Undefined index: namaGuest
in APPPATH\Views\tamu.php on line 44.
 1 APPPATH\Views\tamu.php(44): CodeIgniter\Debug\Exceptions->errorHandler()
 2 SYSTEMPATH\View\View.php(213): include('APPPATH\\Views\\tamu.php')
 3 SYSTEMPATH\View\View.php(216): CodeIgniter\View\View->CodeIgniter\View\{closure}()
 4 SYSTEMPATH\Common.php(1137): CodeIgniter\View\View->render()
 5 APPPATH\Controllers\Tamu.php(13): view()
 6 SYSTEMPATH\CodeIgniter.php(898): App\Controllers\Tamu->index()
 7 SYSTEMPATH\CodeIgniter.php(457): CodeIgniter\CodeIgniter->runController()
 8 SYSTEMPATH\CodeIgniter.php(340): CodeIgniter\CodeIgniter->handleRequest()
 9 FCPATH\index.php(67): CodeIgniter\CodeIgniter->run()
CRITICAL - 2022-08-06 01:30:43 --> Undefined variable: db
in APPPATH\Views\addtamu.php on line 29.
 1 APPPATH\Views\addtamu.php(29): CodeIgniter\Debug\Exceptions->errorHandler()
 2 SYSTEMPATH\View\View.php(213): include('APPPATH\\Views\\addtamu.php')
 3 SYSTEMPATH\View\View.php(216): CodeIgniter\View\View->CodeIgniter\View\{closure}()
 4 SYSTEMPATH\Common.php(1137): CodeIgniter\View\View->render()
 5 APPPATH\Controllers\Tamu.php(24): view()
 6 SYSTEMPATH\CodeIgniter.php(898): App\Controllers\Tamu->addTamu()
 7 SYSTEMPATH\CodeIgniter.php(457): CodeIgniter\CodeIgniter->runController()
 8 SYSTEMPATH\CodeIgniter.php(340): CodeIgniter\CodeIgniter->handleRequest()
 9 FCPATH\index.php(67): CodeIgniter\CodeIgniter->run()
ERROR - 2022-08-06 02:30:40 --> mysqli_sql_exception: Unknown column 'nama' in 'field list' in C:\Program Files\Ampps\www\wed-admin\system\Database\MySQLi\Connection.php:292
Stack trace:
#0 C:\Program Files\Ampps\www\wed-admin\system\Database\MySQLi\Connection.php(292): mysqli->query()
#1 C:\Program Files\Ampps\www\wed-admin\system\Database\BaseConnection.php(693): CodeIgniter\Database\MySQLi\Connection->execute()
#2 C:\Program Files\Ampps\www\wed-admin\system\Database\BaseConnection.php(620): CodeIgniter\Database\BaseConnection->simpleQuery()
#3 C:\Program Files\Ampps\www\wed-admin\system\Database\BaseBuilder.php(1916): CodeIgniter\Database\BaseConnection->query()
#4 C:\Program Files\Ampps\www\wed-admin\app\Models\TamuModel.php(19): CodeIgniter\Database\BaseBuilder->insert()
#5 C:\Program Files\Ampps\www\wed-admin\app\Controllers\Tamu.php(34): App\Models\TamuModel->add()
#6 C:\Program Files\Ampps\www\wed-admin\system\CodeIgniter.php(898): App\Controllers\Tamu->saveTamu()
#7 C:\Program Files\Ampps\www\wed-admin\system\CodeIgniter.php(457): CodeIgniter\CodeIgniter->runController()
#8 C:\Program Files\Ampps\www\wed-admin\system\CodeIgniter.php(340): CodeIgniter\CodeIgniter->handleRequest()
#9 C:\Program Files\Ampps\www\wed-admin\index.php(67): CodeIgniter\CodeIgniter->run()
#10 {main}
CRITICAL - 2022-08-06 02:30:40 --> Unknown column 'nama' in 'field list'
in SYSTEMPATH\Database\MySQLi\Connection.php on line 292.
 1 SYSTEMPATH\Database\MySQLi\Connection.php(292): mysqli->query()
 2 SYSTEMPATH\Database\BaseConnection.php(693): CodeIgniter\Database\MySQLi\Connection->execute()
 3 SYSTEMPATH\Database\BaseConnection.php(620): CodeIgniter\Database\BaseConnection->simpleQuery()
 4 SYSTEMPATH\Database\BaseBuilder.php(1916): CodeIgniter\Database\BaseConnection->query()
 5 APPPATH\Models\TamuModel.php(19): CodeIgniter\Database\BaseBuilder->insert()
 6 APPPATH\Controllers\Tamu.php(34): App\Models\TamuModel->add()
 7 SYSTEMPATH\CodeIgniter.php(898): App\Controllers\Tamu->saveTamu()
 8 SYSTEMPATH\CodeIgniter.php(457): CodeIgniter\CodeIgniter->runController()
 9 SYSTEMPATH\CodeIgniter.php(340): CodeIgniter\CodeIgniter->handleRequest()
10 FCPATH\index.php(67): CodeIgniter\CodeIgniter->run()
ERROR - 2022-08-06 02:32:29 --> mysqli_sql_exception: Unknown column 'alamaatGuest' in 'field list' in C:\Program Files\Ampps\www\wed-admin\system\Database\MySQLi\Connection.php:292
Stack trace:
#0 C:\Program Files\Ampps\www\wed-admin\system\Database\MySQLi\Connection.php(292): mysqli->query()
#1 C:\Program Files\Ampps\www\wed-admin\system\Database\BaseConnection.php(693): CodeIgniter\Database\MySQLi\Connection->execute()
#2 C:\Program Files\Ampps\www\wed-admin\system\Database\BaseConnection.php(620): CodeIgniter\Database\BaseConnection->simpleQuery()
#3 C:\Program Files\Ampps\www\wed-admin\system\Database\BaseBuilder.php(1916): CodeIgniter\Database\BaseConnection->query()
#4 C:\Program Files\Ampps\www\wed-admin\app\Models\TamuModel.php(19): CodeIgniter\Database\BaseBuilder->insert()
#5 C:\Program Files\Ampps\www\wed-admin\app\Controllers\Tamu.php(36): App\Models\TamuModel->add()
#6 C:\Program Files\Ampps\www\wed-admin\system\CodeIgniter.php(898): App\Controllers\Tamu->saveTamu()
#7 C:\Program Files\Ampps\www\wed-admin\system\CodeIgniter.php(457): CodeIgniter\CodeIgniter->runController()
#8 C:\Program Files\Ampps\www\wed-admin\system\CodeIgniter.php(340): CodeIgniter\CodeIgniter->handleRequest()
#9 C:\Program Files\Ampps\www\wed-admin\index.php(67): CodeIgniter\CodeIgniter->run()
#10 {main}
CRITICAL - 2022-08-06 02:32:29 --> Unknown column 'alamaatGuest' in 'field list'
in SYSTEMPATH\Database\MySQLi\Connection.php on line 292.
 1 SYSTEMPATH\Database\MySQLi\Connection.php(292): mysqli->query()
 2 SYSTEMPATH\Database\BaseConnection.php(693): CodeIgniter\Database\MySQLi\Connection->execute()
 3 SYSTEMPATH\Database\BaseConnection.php(620): CodeIgniter\Database\BaseConnection->simpleQuery()
 4 SYSTEMPATH\Database\BaseBuilder.php(1916): CodeIgniter\Database\BaseConnection->query()
 5 APPPATH\Models\TamuModel.php(19): CodeIgniter\Database\BaseBuilder->insert()
 6 APPPATH\Controllers\Tamu.php(36): App\Models\TamuModel->add()
 7 SYSTEMPATH\CodeIgniter.php(898): App\Controllers\Tamu->saveTamu()
 8 SYSTEMPATH\CodeIgniter.php(457): CodeIgniter\CodeIgniter->runController()
 9 SYSTEMPATH\CodeIgniter.php(340): CodeIgniter\CodeIgniter->handleRequest()
10 FCPATH\index.php(67): CodeIgniter\CodeIgniter->run()
CRITICAL - 2022-08-06 02:32:48 --> Undefined variable: k
in APPPATH\Views\tamu.php on line 49.
 1 APPPATH\Views\tamu.php(49): CodeIgniter\Debug\Exceptions->errorHandler()
 2 SYSTEMPATH\View\View.php(213): include('APPPATH\\Views\\tamu.php')
 3 SYSTEMPATH\View\View.php(216): CodeIgniter\View\View->CodeIgniter\View\{closure}()
 4 SYSTEMPATH\Common.php(1137): CodeIgniter\View\View->render()
 5 APPPATH\Controllers\Tamu.php(13): view()
 6 SYSTEMPATH\CodeIgniter.php(898): App\Controllers\Tamu->index()
 7 SYSTEMPATH\CodeIgniter.php(457): CodeIgniter\CodeIgniter->runController()
 8 SYSTEMPATH\CodeIgniter.php(340): CodeIgniter\CodeIgniter->handleRequest()
 9 FCPATH\index.php(67): CodeIgniter\CodeIgniter->run()
CRITICAL - 2022-08-06 02:37:10 --> syntax error, unexpected '' (T_ENCAPSED_AND_WHITESPACE), expecting '-' or identifier (T_STRING) or variable (T_VARIABLE) or number (T_NUM_STRING)
in APPPATH\Views\tamu.php on line 49.
 1 SYSTEMPATH\View\View.php(216): CodeIgniter\View\View->CodeIgniter\View\{closure}()
 2 SYSTEMPATH\Common.php(1137): CodeIgniter\View\View->render()
 3 APPPATH\Controllers\Tamu.php(13): view()
 4 SYSTEMPATH\CodeIgniter.php(898): App\Controllers\Tamu->index()
 5 SYSTEMPATH\CodeIgniter.php(457): CodeIgniter\CodeIgniter->runController()
 6 SYSTEMPATH\CodeIgniter.php(340): CodeIgniter\CodeIgniter->handleRequest()
 7 FCPATH\index.php(67): CodeIgniter\CodeIgniter->run()
CRITICAL - 2022-08-06 03:15:13 --> Undefined variable: hadir
in APPPATH\Views\kehadiran.php on line 36.
 1 APPPATH\Views\kehadiran.php(36): CodeIgniter\Debug\Exceptions->errorHandler()
 2 SYSTEMPATH\View\View.php(213): include('APPPATH\\Views\\kehadiran.php')
 3 SYSTEMPATH\View\View.php(216): CodeIgniter\View\View->CodeIgniter\View\{closure}()
 4 SYSTEMPATH\Common.php(1137): CodeIgniter\View\View->render()
 5 APPPATH\Controllers\Page.php(73): view()
 6 SYSTEMPATH\CodeIgniter.php(898): App\Controllers\Page->kehadiran()
 7 SYSTEMPATH\CodeIgniter.php(457): CodeIgniter\CodeIgniter->runController()
 8 SYSTEMPATH\CodeIgniter.php(340): CodeIgniter\CodeIgniter->handleRequest()
 9 FCPATH\index.php(67): CodeIgniter\CodeIgniter->run()
CRITICAL - 2022-08-06 03:15:43 --> Undefined variable: hadir
in APPPATH\Views\kehadiran.php on line 36.
 1 APPPATH\Views\kehadiran.php(36): CodeIgniter\Debug\Exceptions->errorHandler()
 2 SYSTEMPATH\View\View.php(213): include('APPPATH\\Views\\kehadiran.php')
 3 SYSTEMPATH\View\View.php(216): CodeIgniter\View\View->CodeIgniter\View\{closure}()
 4 SYSTEMPATH\Common.php(1137): CodeIgniter\View\View->render()
 5 APPPATH\Controllers\Page.php(73): view()
 6 SYSTEMPATH\CodeIgniter.php(898): App\Controllers\Page->kehadiran()
 7 SYSTEMPATH\CodeIgniter.php(457): CodeIgniter\CodeIgniter->runController()
 8 SYSTEMPATH\CodeIgniter.php(340): CodeIgniter\CodeIgniter->handleRequest()
 9 FCPATH\index.php(67): CodeIgniter\CodeIgniter->run()
CRITICAL - 2022-08-06 03:25:15 --> get_browser(): browscap ini directive not set
in APPPATH\Views\kehadiran.php on line 20.
 1 [internal function]: CodeIgniter\Debug\Exceptions->errorHandler()
 2 APPPATH\Views\kehadiran.php(20): get_browser()
 3 SYSTEMPATH\View\View.php(213): include('APPPATH\\Views\\kehadiran.php')
 4 SYSTEMPATH\View\View.php(216): CodeIgniter\View\View->CodeIgniter\View\{closure}()
 5 SYSTEMPATH\Common.php(1137): CodeIgniter\View\View->render()
 6 APPPATH\Controllers\Page.php(73): view()
 7 SYSTEMPATH\CodeIgniter.php(898): App\Controllers\Page->kehadiran()
 8 SYSTEMPATH\CodeIgniter.php(457): CodeIgniter\CodeIgniter->runController()
 9 SYSTEMPATH\CodeIgniter.php(340): CodeIgniter\CodeIgniter->handleRequest()
10 FCPATH\index.php(67): CodeIgniter\CodeIgniter->run()
CRITICAL - 2022-08-06 03:37:39 --> Use of undefined constant format - assumed 'format' (this will throw an Error in a future version of PHP)
in APPPATH\Views\doa.php on line 16.
 1 APPPATH\Views\doa.php(16): CodeIgniter\Debug\Exceptions->errorHandler()
 2 SYSTEMPATH\View\View.php(213): include('APPPATH\\Views\\doa.php')
 3 SYSTEMPATH\View\View.php(216): CodeIgniter\View\View->CodeIgniter\View\{closure}()
 4 SYSTEMPATH\Common.php(1137): CodeIgniter\View\View->render()
 5 APPPATH\Controllers\Page.php(79): view()
 6 SYSTEMPATH\CodeIgniter.php(898): App\Controllers\Page->doa()
 7 SYSTEMPATH\CodeIgniter.php(457): CodeIgniter\CodeIgniter->runController()
 8 SYSTEMPATH\CodeIgniter.php(340): CodeIgniter\CodeIgniter->handleRequest()
 9 FCPATH\index.php(67): CodeIgniter\CodeIgniter->run()
