CRITICAL - 2022-08-14 14:33:29 --> Undefined index: waktu
in APPPATH\Views\doa.php on line 41.
 1 APPPATH\Views\doa.php(41): CodeIgniter\Debug\Exceptions->errorHandler()
 2 SYSTEMPATH\View\View.php(213): include('APPPATH\\Views\\doa.php')
 3 SYSTEMPATH\View\View.php(216): CodeIgniter\View\View->CodeIgniter\View\{closure}()
 4 SYSTEMPATH\Common.php(1137): CodeIgniter\View\View->render()
 5 APPPATH\Controllers\Page.php(79): view()
 6 SYSTEMPATH\CodeIgniter.php(898): App\Controllers\Page->doa()
 7 SYSTEMPATH\CodeIgniter.php(457): CodeIgniter\CodeIgniter->runController()
 8 SYSTEMPATH\CodeIgniter.php(340): CodeIgniter\CodeIgniter->handleRequest()
 9 FCPATH\index.php(67): CodeIgniter\CodeIgniter->run()
CRITICAL - 2022-08-14 14:34:01 --> Undefined index: idGuest
in APPPATH\Views\doa.php on line 43.
 1 APPPATH\Views\doa.php(43): CodeIgniter\Debug\Exceptions->errorHandler()
 2 SYSTEMPATH\View\View.php(213): include('APPPATH\\Views\\doa.php')
 3 SYSTEMPATH\View\View.php(216): CodeIgniter\View\View->CodeIgniter\View\{closure}()
 4 SYSTEMPATH\Common.php(1137): CodeIgniter\View\View->render()
 5 APPPATH\Controllers\Page.php(79): view()
 6 SYSTEMPATH\CodeIgniter.php(898): App\Controllers\Page->doa()
 7 SYSTEMPATH\CodeIgniter.php(457): CodeIgniter\CodeIgniter->runController()
 8 SYSTEMPATH\CodeIgniter.php(340): CodeIgniter\CodeIgniter->handleRequest()
 9 FCPATH\index.php(67): CodeIgniter\CodeIgniter->run()
ERROR - 2022-08-14 16:00:53 --> mysqli_sql_exception: You have an error in your SQL syntax; check the manual that corresponds to your MySQL server version for the right syntax to use near ''YA' at line 1 in C:\Program Files\Ampps\www\wedding-admin\system\Database\MySQLi\Connection.php:292
Stack trace:
#0 C:\Program Files\Ampps\www\wedding-admin\system\Database\MySQLi\Connection.php(292): mysqli->query()
#1 C:\Program Files\Ampps\www\wedding-admin\system\Database\BaseConnection.php(693): CodeIgniter\Database\MySQLi\Connection->execute()
#2 C:\Program Files\Ampps\www\wedding-admin\system\Database\BaseConnection.php(620): CodeIgniter\Database\BaseConnection->simpleQuery()
#3 C:\Program Files\Ampps\www\wedding-admin\app\Views\content.php(156): CodeIgniter\Database\BaseConnection->query()
#4 C:\Program Files\Ampps\www\wedding-admin\system\View\View.php(213): include('C:\\Program File...')
#5 C:\Program Files\Ampps\www\wedding-admin\system\View\View.php(216): CodeIgniter\View\View->CodeIgniter\View\{closure}()
#6 C:\Program Files\Ampps\www\wedding-admin\system\View\View.php(429): CodeIgniter\View\View->render()
#7 C:\Program Files\Ampps\www\wedding-admin\app\Views\dashboard.php(8): CodeIgniter\View\View->include()
#8 C:\Program Files\Ampps\www\wedding-admin\system\View\View.php(213): include('C:\\Program File...')
#9 C:\Program Files\Ampps\www\wedding-admin\system\View\View.php(216): CodeIgniter\View\View->CodeIgniter\View\{closure}()
#10 C:\Program Files\Ampps\www\wedding-admin\system\Common.php(1137): CodeIgniter\View\View->render()
#11 C:\Program Files\Ampps\www\wedding-admin\app\Controllers\Page.php(12): view()
#12 C:\Program Files\Ampps\www\wedding-admin\system\CodeIgniter.php(898): App\Controllers\Page->dashboard()
#13 C:\Program Files\Ampps\www\wedding-admin\system\CodeIgniter.php(457): CodeIgniter\CodeIgniter->runController()
#14 C:\Program Files\Ampps\www\wedding-admin\system\CodeIgniter.php(340): CodeIgniter\CodeIgniter->handleRequest()
#15 C:\Program Files\Ampps\www\wedding-admin\index.php(67): CodeIgniter\CodeIgniter->run()
#16 {main}
CRITICAL - 2022-08-14 16:00:53 --> You have an error in your SQL syntax; check the manual that corresponds to your MySQL server version for the right syntax to use near ''YA' at line 1
in SYSTEMPATH\Database\MySQLi\Connection.php on line 292.
 1 SYSTEMPATH\Database\MySQLi\Connection.php(292): mysqli->query()
 2 SYSTEMPATH\Database\BaseConnection.php(693): CodeIgniter\Database\MySQLi\Connection->execute()
 3 SYSTEMPATH\Database\BaseConnection.php(620): CodeIgniter\Database\BaseConnection->simpleQuery()
 4 APPPATH\Views\content.php(156): CodeIgniter\Database\BaseConnection->query()
 5 SYSTEMPATH\View\View.php(213): include('APPPATH\\Views\\content.php')
 6 SYSTEMPATH\View\View.php(216): CodeIgniter\View\View->CodeIgniter\View\{closure}()
 7 SYSTEMPATH\View\View.php(429): CodeIgniter\View\View->render()
 8 APPPATH\Views\dashboard.php(8): CodeIgniter\View\View->include()
 9 SYSTEMPATH\View\View.php(213): include('APPPATH\\Views\\dashboard.php')
10 SYSTEMPATH\View\View.php(216): CodeIgniter\View\View->CodeIgniter\View\{closure}()
11 SYSTEMPATH\Common.php(1137): CodeIgniter\View\View->render()
12 APPPATH\Controllers\Page.php(12): view()
13 SYSTEMPATH\CodeIgniter.php(898): App\Controllers\Page->dashboard()
14 SYSTEMPATH\CodeIgniter.php(457): CodeIgniter\CodeIgniter->runController()
15 SYSTEMPATH\CodeIgniter.php(340): CodeIgniter\CodeIgniter->handleRequest()
16 FCPATH\index.php(67): CodeIgniter\CodeIgniter->run()
