CRITICAL - 2022-08-18 13:23:22 --> Invalid file: http://localhost/wedding-admin/fpdf.php
in SYSTEMPATH\Exceptions\FrameworkException.php on line 33.
 1 SYSTEMPATH\View\View.php(201): CodeIgniter\Exceptions\FrameworkException::forInvalidFile()
 2 SYSTEMPATH\View\View.php(429): CodeIgniter\View\View->render()
 3 APPPATH\Views\print-pria.php(1): CodeIgniter\View\View->include()
 4 SYSTEMPATH\View\View.php(213): include('APPPATH\\Views\\print-pria.php')
 5 SYSTEMPATH\View\View.php(216): CodeIgniter\View\View->CodeIgniter\View\{closure}()
 6 SYSTEMPATH\Common.php(1137): CodeIgniter\View\View->render()
 7 APPPATH\Controllers\Cetak.php(26): view()
 8 SYSTEMPATH\CodeIgniter.php(898): App\Controllers\Cetak->pria()
 9 SYSTEMPATH\CodeIgniter.php(457): CodeIgniter\CodeIgniter->runController()
10 SYSTEMPATH\CodeIgniter.php(340): CodeIgniter\CodeIgniter->handleRequest()
11 FCPATH\index.php(67): CodeIgniter\CodeIgniter->run()
CRITICAL - 2022-08-18 13:24:21 --> include(helveticab.php): failed to open stream: No such file or directory
in FCPATH\fpdf.php on line 1141.
 1 FCPATH\fpdf.php(1141): CodeIgniter\Debug\Exceptions->errorHandler()
 2 FCPATH\fpdf.php(1141): include()
 3 FCPATH\fpdf.php(459): FPDF->_loadfont()
 4 FCPATH\fpdf.php(507): FPDF->AddFont()
 5 APPPATH\Views\print-pria.php(7): FPDF->SetFont()
 6 SYSTEMPATH\View\View.php(213): include('APPPATH\\Views\\print-pria.php')
 7 SYSTEMPATH\View\View.php(216): CodeIgniter\View\View->CodeIgniter\View\{closure}()
 8 SYSTEMPATH\Common.php(1137): CodeIgniter\View\View->render()
 9 APPPATH\Controllers\Cetak.php(26): view()
10 SYSTEMPATH\CodeIgniter.php(898): App\Controllers\Cetak->pria()
11 SYSTEMPATH\CodeIgniter.php(457): CodeIgniter\CodeIgniter->runController()
12 SYSTEMPATH\CodeIgniter.php(340): CodeIgniter\CodeIgniter->handleRequest()
13 FCPATH\index.php(67): CodeIgniter\CodeIgniter->run()
CRITICAL - 2022-08-18 13:30:21 --> Cannot call constructor
in APPPATH\Controllers\Cetak.php on line 11.
 1 SYSTEMPATH\CodeIgniter.php(860): App\Controllers\Cetak->__construct()
 2 SYSTEMPATH\CodeIgniter.php(448): CodeIgniter\CodeIgniter->createController()
 3 SYSTEMPATH\CodeIgniter.php(340): CodeIgniter\CodeIgniter->handleRequest()
 4 FCPATH\index.php(67): CodeIgniter\CodeIgniter->run()
CRITICAL - 2022-08-18 13:30:31 --> Undefined property: App\Controllers\Cetak::$load
in APPPATH\Controllers\Cetak.php on line 11.
 1 APPPATH\Controllers\Cetak.php(11): CodeIgniter\Debug\Exceptions->errorHandler()
 2 SYSTEMPATH\CodeIgniter.php(860): App\Controllers\Cetak->__construct()
 3 SYSTEMPATH\CodeIgniter.php(448): CodeIgniter\CodeIgniter->createController()
 4 SYSTEMPATH\CodeIgniter.php(340): CodeIgniter\CodeIgniter->handleRequest()
 5 FCPATH\index.php(67): CodeIgniter\CodeIgniter->run()
CRITICAL - 2022-08-18 13:31:38 --> Undefined property: App\Controllers\Cetak::$load
in APPPATH\Controllers\Cetak.php on line 11.
 1 APPPATH\Controllers\Cetak.php(11): CodeIgniter\Debug\Exceptions->errorHandler()
 2 SYSTEMPATH\CodeIgniter.php(860): App\Controllers\Cetak->__construct()
 3 SYSTEMPATH\CodeIgniter.php(448): CodeIgniter\CodeIgniter->createController()
 4 SYSTEMPATH\CodeIgniter.php(340): CodeIgniter\CodeIgniter->handleRequest()
 5 FCPATH\index.php(67): CodeIgniter\CodeIgniter->run()
CRITICAL - 2022-08-18 13:34:23 --> Undefined property: App\Controllers\Cetak::$load
in APPPATH\Controllers\Cetak.php on line 11.
 1 APPPATH\Controllers\Cetak.php(11): CodeIgniter\Debug\Exceptions->errorHandler()
 2 SYSTEMPATH\CodeIgniter.php(860): App\Controllers\Cetak->__construct()
 3 SYSTEMPATH\CodeIgniter.php(448): CodeIgniter\CodeIgniter->createController()
 4 SYSTEMPATH\CodeIgniter.php(340): CodeIgniter\CodeIgniter->handleRequest()
 5 FCPATH\index.php(67): CodeIgniter\CodeIgniter->run()
CRITICAL - 2022-08-18 13:35:55 --> syntax error, unexpected end of file, expecting function (T_FUNCTION) or const (T_CONST)
in APPPATH\Controllers\Cetak.php on line 28.
 1 SYSTEMPATH\Autoloader\Autoloader.php(259): CodeIgniter\Autoloader\Autoloader->includeFile()
 2 SYSTEMPATH\Autoloader\Autoloader.php(237): CodeIgniter\Autoloader\Autoloader->loadInNamespace()
 3 [internal function]: CodeIgniter\Autoloader\Autoloader->loadClass()
 4 [internal function]: spl_autoload_call()
 5 SYSTEMPATH\CodeIgniter.php(848): class_exists()
 6 SYSTEMPATH\CodeIgniter.php(444): CodeIgniter\CodeIgniter->startController()
 7 SYSTEMPATH\CodeIgniter.php(340): CodeIgniter\CodeIgniter->handleRequest()
 8 FCPATH\index.php(67): CodeIgniter\CodeIgniter->run()
CRITICAL - 2022-08-18 13:42:05 --> Undefined property: App\Controllers\Cetak::$load
in APPPATH\Controllers\Cetak.php on line 10.
 1 APPPATH\Controllers\Cetak.php(10): CodeIgniter\Debug\Exceptions->errorHandler()
 2 SYSTEMPATH\CodeIgniter.php(860): App\Controllers\Cetak->__construct()
 3 SYSTEMPATH\CodeIgniter.php(448): CodeIgniter\CodeIgniter->createController()
 4 SYSTEMPATH\CodeIgniter.php(340): CodeIgniter\CodeIgniter->handleRequest()
 5 FCPATH\index.php(67): CodeIgniter\CodeIgniter->run()
CRITICAL - 2022-08-18 13:42:40 --> Undefined property: App\Controllers\Cetak::$load
in APPPATH\Controllers\Cetak.php on line 11.
 1 APPPATH\Controllers\Cetak.php(11): CodeIgniter\Debug\Exceptions->errorHandler()
 2 SYSTEMPATH\CodeIgniter.php(860): App\Controllers\Cetak->__construct()
 3 SYSTEMPATH\CodeIgniter.php(448): CodeIgniter\CodeIgniter->createController()
 4 SYSTEMPATH\CodeIgniter.php(340): CodeIgniter\CodeIgniter->handleRequest()
 5 FCPATH\index.php(67): CodeIgniter\CodeIgniter->run()
CRITICAL - 2022-08-18 13:44:40 --> App\Controllers\Cetak::__construct(): Failed opening required 'C:\Program Files\Ampps\www\wedding-admin\app\/libraries/fpdf/fpdf.php' (include_path='.;C:\php\pear')
in APPPATH\Controllers\Cetak.php on line 10.
 1 [internal function]: CodeIgniter\Debug\Exceptions->shutdownHandler()
CRITICAL - 2022-08-18 13:45:04 --> App\Controllers\Cetak::__construct(): Failed opening required 'C:\Program Files\Ampps\www\wedding-admin\app\libraries\fpdf\fpdf.php' (include_path='.;C:\php\pear')
in APPPATH\Controllers\Cetak.php on line 10.
 1 [internal function]: CodeIgniter\Debug\Exceptions->shutdownHandler()
CRITICAL - 2022-08-18 13:45:05 --> App\Controllers\Cetak::__construct(): Failed opening required 'C:\Program Files\Ampps\www\wedding-admin\app\libraries\fpdf\fpdf.php' (include_path='.;C:\php\pear')
in APPPATH\Controllers\Cetak.php on line 10.
 1 [internal function]: CodeIgniter\Debug\Exceptions->shutdownHandler()
CRITICAL - 2022-08-18 13:45:49 --> Class 'FPDF' not found
in APPPATH\Views\print-pria.php on line 3.
 1 SYSTEMPATH\View\View.php(213): include()
 2 SYSTEMPATH\View\View.php(216): CodeIgniter\View\View->CodeIgniter\View\{closure}()
 3 SYSTEMPATH\Common.php(1137): CodeIgniter\View\View->render()
 4 APPPATH\Controllers\Cetak.php(14): view()
 5 SYSTEMPATH\CodeIgniter.php(898): App\Controllers\Cetak->pria()
 6 SYSTEMPATH\CodeIgniter.php(457): CodeIgniter\CodeIgniter->runController()
 7 SYSTEMPATH\CodeIgniter.php(340): CodeIgniter\CodeIgniter->handleRequest()
 8 FCPATH\index.php(67): CodeIgniter\CodeIgniter->run()
CRITICAL - 2022-08-18 13:46:31 --> Class 'FPDF' not found
in APPPATH\Views\print-pria.php on line 3.
 1 SYSTEMPATH\View\View.php(213): include()
 2 SYSTEMPATH\View\View.php(216): CodeIgniter\View\View->CodeIgniter\View\{closure}()
 3 SYSTEMPATH\Common.php(1137): CodeIgniter\View\View->render()
 4 APPPATH\Controllers\Cetak.php(14): view()
 5 SYSTEMPATH\CodeIgniter.php(898): App\Controllers\Cetak->pria()
 6 SYSTEMPATH\CodeIgniter.php(457): CodeIgniter\CodeIgniter->runController()
 7 SYSTEMPATH\CodeIgniter.php(340): CodeIgniter\CodeIgniter->handleRequest()
 8 FCPATH\index.php(67): CodeIgniter\CodeIgniter->run()
CRITICAL - 2022-08-18 13:46:58 --> Class 'FPDF' not found
in APPPATH\Controllers\Cetak.php on line 14.
 1 SYSTEMPATH\CodeIgniter.php(898): App\Controllers\Cetak->pria()
 2 SYSTEMPATH\CodeIgniter.php(457): CodeIgniter\CodeIgniter->runController()
 3 SYSTEMPATH\CodeIgniter.php(340): CodeIgniter\CodeIgniter->handleRequest()
 4 FCPATH\index.php(67): CodeIgniter\CodeIgniter->run()
CRITICAL - 2022-08-18 13:47:05 --> Class 'App\Controllers\FPDF' not found
in APPPATH\Controllers\Cetak.php on line 14.
 1 SYSTEMPATH\CodeIgniter.php(898): App\Controllers\Cetak->pria()
 2 SYSTEMPATH\CodeIgniter.php(457): CodeIgniter\CodeIgniter->runController()
 3 SYSTEMPATH\CodeIgniter.php(340): CodeIgniter\CodeIgniter->handleRequest()
 4 FCPATH\index.php(67): CodeIgniter\CodeIgniter->run()
CRITICAL - 2022-08-18 13:48:57 --> Class 'App\Controllers\FPDF' not found
in APPPATH\Controllers\Cetak.php on line 14.
 1 SYSTEMPATH\CodeIgniter.php(898): App\Controllers\Cetak->pria()
 2 SYSTEMPATH\CodeIgniter.php(457): CodeIgniter\CodeIgniter->runController()
 3 SYSTEMPATH\CodeIgniter.php(340): CodeIgniter\CodeIgniter->handleRequest()
 4 FCPATH\index.php(67): CodeIgniter\CodeIgniter->run()
CRITICAL - 2022-08-18 13:50:28 --> Class 'App\Controllers\FPDF' not found
in APPPATH\Controllers\Cetak.php on line 14.
 1 SYSTEMPATH\CodeIgniter.php(898): App\Controllers\Cetak->pria()
 2 SYSTEMPATH\CodeIgniter.php(457): CodeIgniter\CodeIgniter->runController()
 3 SYSTEMPATH\CodeIgniter.php(340): CodeIgniter\CodeIgniter->handleRequest()
 4 FCPATH\index.php(67): CodeIgniter\CodeIgniter->run()
CRITICAL - 2022-08-18 13:52:45 --> Class 'FPDF' not found
in APPPATH\Controllers\Cetak.php on line 16.
 1 SYSTEMPATH\CodeIgniter.php(898): App\Controllers\Cetak->pria()
 2 SYSTEMPATH\CodeIgniter.php(457): CodeIgniter\CodeIgniter->runController()
 3 SYSTEMPATH\CodeIgniter.php(340): CodeIgniter\CodeIgniter->handleRequest()
 4 FCPATH\index.php(67): CodeIgniter\CodeIgniter->run()
CRITICAL - 2022-08-18 13:53:29 --> Class 'FPDF' not found
in APPPATH\Controllers\Cetak.php on line 17.
 1 SYSTEMPATH\CodeIgniter.php(898): App\Controllers\Cetak->pria()
 2 SYSTEMPATH\CodeIgniter.php(457): CodeIgniter\CodeIgniter->runController()
 3 SYSTEMPATH\CodeIgniter.php(340): CodeIgniter\CodeIgniter->handleRequest()
 4 FCPATH\index.php(67): CodeIgniter\CodeIgniter->run()
CRITICAL - 2022-08-18 13:53:30 --> Class 'FPDF' not found
in APPPATH\Controllers\Cetak.php on line 17.
 1 SYSTEMPATH\CodeIgniter.php(898): App\Controllers\Cetak->pria()
 2 SYSTEMPATH\CodeIgniter.php(457): CodeIgniter\CodeIgniter->runController()
 3 SYSTEMPATH\CodeIgniter.php(340): CodeIgniter\CodeIgniter->handleRequest()
 4 FCPATH\index.php(67): CodeIgniter\CodeIgniter->run()
CRITICAL - 2022-08-18 13:53:39 --> Class 'FPDF' not found
in APPPATH\Controllers\Cetak.php on line 17.
 1 SYSTEMPATH\CodeIgniter.php(898): App\Controllers\Cetak->pria()
 2 SYSTEMPATH\CodeIgniter.php(457): CodeIgniter\CodeIgniter->runController()
 3 SYSTEMPATH\CodeIgniter.php(340): CodeIgniter\CodeIgniter->handleRequest()
 4 FCPATH\index.php(67): CodeIgniter\CodeIgniter->run()
CRITICAL - 2022-08-18 13:54:40 --> Class 'FPDF' not found
in APPPATH\Controllers\Cetak.php on line 17.
 1 SYSTEMPATH\CodeIgniter.php(898): App\Controllers\Cetak->pria()
 2 SYSTEMPATH\CodeIgniter.php(457): CodeIgniter\CodeIgniter->runController()
 3 SYSTEMPATH\CodeIgniter.php(340): CodeIgniter\CodeIgniter->handleRequest()
 4 FCPATH\index.php(67): CodeIgniter\CodeIgniter->run()
CRITICAL - 2022-08-18 13:55:54 --> Class 'App\ThirdParty\BaseController' not found
in APPPATH\Controllers\Cetak.php on line 13.
 1 SYSTEMPATH\Autoloader\Autoloader.php(282): include_once()
 2 SYSTEMPATH\Autoloader\Autoloader.php(259): CodeIgniter\Autoloader\Autoloader->includeFile()
 3 SYSTEMPATH\Autoloader\Autoloader.php(237): CodeIgniter\Autoloader\Autoloader->loadInNamespace()
 4 [internal function]: CodeIgniter\Autoloader\Autoloader->loadClass()
 5 [internal function]: spl_autoload_call()
 6 SYSTEMPATH\CodeIgniter.php(848): class_exists()
 7 SYSTEMPATH\CodeIgniter.php(444): CodeIgniter\CodeIgniter->startController()
 8 SYSTEMPATH\CodeIgniter.php(340): CodeIgniter\CodeIgniter->handleRequest()
 9 FCPATH\index.php(67): CodeIgniter\CodeIgniter->run()
CRITICAL - 2022-08-18 13:55:56 --> Class 'App\ThirdParty\BaseController' not found
in APPPATH\Controllers\Cetak.php on line 13.
 1 SYSTEMPATH\Autoloader\Autoloader.php(282): include_once()
 2 SYSTEMPATH\Autoloader\Autoloader.php(259): CodeIgniter\Autoloader\Autoloader->includeFile()
 3 SYSTEMPATH\Autoloader\Autoloader.php(237): CodeIgniter\Autoloader\Autoloader->loadInNamespace()
 4 [internal function]: CodeIgniter\Autoloader\Autoloader->loadClass()
 5 [internal function]: spl_autoload_call()
 6 SYSTEMPATH\CodeIgniter.php(848): class_exists()
 7 SYSTEMPATH\CodeIgniter.php(444): CodeIgniter\CodeIgniter->startController()
 8 SYSTEMPATH\CodeIgniter.php(340): CodeIgniter\CodeIgniter->handleRequest()
 9 FCPATH\index.php(67): CodeIgniter\CodeIgniter->run()
CRITICAL - 2022-08-18 13:59:13 --> Undefined variable: day1
in APPPATH\Controllers\Cetak.php on line 20.
 1 APPPATH\Controllers\Cetak.php(20): CodeIgniter\Debug\Exceptions->errorHandler()
 2 SYSTEMPATH\CodeIgniter.php(898): App\Controllers\Cetak->pria()
 3 SYSTEMPATH\CodeIgniter.php(457): CodeIgniter\CodeIgniter->runController()
 4 SYSTEMPATH\CodeIgniter.php(340): CodeIgniter\CodeIgniter->handleRequest()
 5 FCPATH\index.php(67): CodeIgniter\CodeIgniter->run()
CRITICAL - 2022-08-18 14:00:08 --> FPDF error: Incorrect output destination: php://output
in APPPATH\ThirdParty\fpdf\fpdf.php on line 271.
 1 APPPATH\ThirdParty\fpdf\fpdf.php(1028): FPDF->Error()
 2 APPPATH\Views\print-pria.php(28): FPDF->Output()
 3 SYSTEMPATH\View\View.php(213): include('APPPATH\\Views\\print-pria.php')
 4 SYSTEMPATH\View\View.php(216): CodeIgniter\View\View->CodeIgniter\View\{closure}()
 5 SYSTEMPATH\Common.php(1137): CodeIgniter\View\View->render()
 6 APPPATH\Controllers\Cetak.php(19): view()
 7 SYSTEMPATH\CodeIgniter.php(898): App\Controllers\Cetak->pria()
 8 SYSTEMPATH\CodeIgniter.php(457): CodeIgniter\CodeIgniter->runController()
 9 SYSTEMPATH\CodeIgniter.php(340): CodeIgniter\CodeIgniter->handleRequest()
10 FCPATH\index.php(67): CodeIgniter\CodeIgniter->run()
CRITICAL - 2022-08-18 14:00:12 --> FPDF error: Incorrect output destination: php://output
in APPPATH\ThirdParty\fpdf\fpdf.php on line 271.
 1 APPPATH\ThirdParty\fpdf\fpdf.php(1028): FPDF->Error()
 2 APPPATH\Views\print-pria.php(28): FPDF->Output()
 3 SYSTEMPATH\View\View.php(213): include('APPPATH\\Views\\print-pria.php')
 4 SYSTEMPATH\View\View.php(216): CodeIgniter\View\View->CodeIgniter\View\{closure}()
 5 SYSTEMPATH\Common.php(1137): CodeIgniter\View\View->render()
 6 APPPATH\Controllers\Cetak.php(19): view()
 7 SYSTEMPATH\CodeIgniter.php(898): App\Controllers\Cetak->pria()
 8 SYSTEMPATH\CodeIgniter.php(457): CodeIgniter\CodeIgniter->runController()
 9 SYSTEMPATH\CodeIgniter.php(340): CodeIgniter\CodeIgniter->handleRequest()
10 FCPATH\index.php(67): CodeIgniter\CodeIgniter->run()
CRITICAL - 2022-08-18 14:00:15 --> FPDF error: Incorrect output destination: php://output
in APPPATH\ThirdParty\fpdf\fpdf.php on line 271.
 1 APPPATH\ThirdParty\fpdf\fpdf.php(1028): FPDF->Error()
 2 APPPATH\Views\print-pria.php(28): FPDF->Output()
 3 SYSTEMPATH\View\View.php(213): include('APPPATH\\Views\\print-pria.php')
 4 SYSTEMPATH\View\View.php(216): CodeIgniter\View\View->CodeIgniter\View\{closure}()
 5 SYSTEMPATH\Common.php(1137): CodeIgniter\View\View->render()
 6 APPPATH\Controllers\Cetak.php(19): view()
 7 SYSTEMPATH\CodeIgniter.php(898): App\Controllers\Cetak->pria()
 8 SYSTEMPATH\CodeIgniter.php(457): CodeIgniter\CodeIgniter->runController()
 9 SYSTEMPATH\CodeIgniter.php(340): CodeIgniter\CodeIgniter->handleRequest()
10 FCPATH\index.php(67): CodeIgniter\CodeIgniter->run()
CRITICAL - 2022-08-18 14:00:18 --> FPDF error: Incorrect output destination: php://output
in APPPATH\ThirdParty\fpdf\fpdf.php on line 271.
 1 APPPATH\ThirdParty\fpdf\fpdf.php(1028): FPDF->Error()
 2 APPPATH\Views\print-pria.php(28): FPDF->Output()
 3 SYSTEMPATH\View\View.php(213): include('APPPATH\\Views\\print-pria.php')
 4 SYSTEMPATH\View\View.php(216): CodeIgniter\View\View->CodeIgniter\View\{closure}()
 5 SYSTEMPATH\Common.php(1137): CodeIgniter\View\View->render()
 6 APPPATH\Controllers\Cetak.php(19): view()
 7 SYSTEMPATH\CodeIgniter.php(898): App\Controllers\Cetak->pria()
 8 SYSTEMPATH\CodeIgniter.php(457): CodeIgniter\CodeIgniter->runController()
 9 SYSTEMPATH\CodeIgniter.php(340): CodeIgniter\CodeIgniter->handleRequest()
10 FCPATH\index.php(67): CodeIgniter\CodeIgniter->run()
CRITICAL - 2022-08-18 14:01:14 --> FPDF error: Incorrect output destination: php://output
in APPPATH\ThirdParty\fpdf\fpdf.php on line 271.
 1 APPPATH\ThirdParty\fpdf\fpdf.php(1028): FPDF->Error()
 2 APPPATH\Views\print-pria.php(23): FPDF->Output()
 3 SYSTEMPATH\View\View.php(213): include('APPPATH\\Views\\print-pria.php')
 4 SYSTEMPATH\View\View.php(216): CodeIgniter\View\View->CodeIgniter\View\{closure}()
 5 SYSTEMPATH\Common.php(1137): CodeIgniter\View\View->render()
 6 APPPATH\Controllers\Cetak.php(19): view()
 7 SYSTEMPATH\CodeIgniter.php(898): App\Controllers\Cetak->pria()
 8 SYSTEMPATH\CodeIgniter.php(457): CodeIgniter\CodeIgniter->runController()
 9 SYSTEMPATH\CodeIgniter.php(340): CodeIgniter\CodeIgniter->handleRequest()
10 FCPATH\index.php(67): CodeIgniter\CodeIgniter->run()
CRITICAL - 2022-08-18 14:33:54 --> FPDF error: Some data has already been output, can't send PDF file
in APPPATH\ThirdParty\fpdf\fpdf.php on line 271.
 1 APPPATH\ThirdParty\fpdf\fpdf.php(1060): FPDF->Error()
 2 APPPATH\ThirdParty\fpdf\fpdf.php(999): FPDF->_checkoutput()
 3 APPPATH\Controllers\Cetak.php(50): FPDF->Output()
 4 SYSTEMPATH\CodeIgniter.php(898): App\Controllers\Cetak->pria()
 5 SYSTEMPATH\CodeIgniter.php(457): CodeIgniter\CodeIgniter->runController()
 6 SYSTEMPATH\CodeIgniter.php(340): CodeIgniter\CodeIgniter->handleRequest()
 7 FCPATH\index.php(67): CodeIgniter\CodeIgniter->run()
CRITICAL - 2022-08-18 14:34:00 --> FPDF error: Some data has already been output, can't send PDF file
in APPPATH\ThirdParty\fpdf\fpdf.php on line 271.
 1 APPPATH\ThirdParty\fpdf\fpdf.php(1060): FPDF->Error()
 2 APPPATH\ThirdParty\fpdf\fpdf.php(999): FPDF->_checkoutput()
 3 APPPATH\Controllers\Cetak.php(50): FPDF->Output()
 4 SYSTEMPATH\CodeIgniter.php(898): App\Controllers\Cetak->pria()
 5 SYSTEMPATH\CodeIgniter.php(457): CodeIgniter\CodeIgniter->runController()
 6 SYSTEMPATH\CodeIgniter.php(340): CodeIgniter\CodeIgniter->handleRequest()
 7 FCPATH\index.php(67): CodeIgniter\CodeIgniter->run()
CRITICAL - 2022-08-18 14:34:02 --> FPDF error: Some data has already been output, can't send PDF file
in APPPATH\ThirdParty\fpdf\fpdf.php on line 271.
 1 APPPATH\ThirdParty\fpdf\fpdf.php(1060): FPDF->Error()
 2 APPPATH\ThirdParty\fpdf\fpdf.php(999): FPDF->_checkoutput()
 3 APPPATH\Controllers\Cetak.php(50): FPDF->Output()
 4 SYSTEMPATH\CodeIgniter.php(898): App\Controllers\Cetak->pria()
 5 SYSTEMPATH\CodeIgniter.php(457): CodeIgniter\CodeIgniter->runController()
 6 SYSTEMPATH\CodeIgniter.php(340): CodeIgniter\CodeIgniter->handleRequest()
 7 FCPATH\index.php(67): CodeIgniter\CodeIgniter->run()
CRITICAL - 2022-08-18 14:34:03 --> FPDF error: Some data has already been output, can't send PDF file
in APPPATH\ThirdParty\fpdf\fpdf.php on line 271.
 1 APPPATH\ThirdParty\fpdf\fpdf.php(1060): FPDF->Error()
 2 APPPATH\ThirdParty\fpdf\fpdf.php(999): FPDF->_checkoutput()
 3 APPPATH\Controllers\Cetak.php(50): FPDF->Output()
 4 SYSTEMPATH\CodeIgniter.php(898): App\Controllers\Cetak->pria()
 5 SYSTEMPATH\CodeIgniter.php(457): CodeIgniter\CodeIgniter->runController()
 6 SYSTEMPATH\CodeIgniter.php(340): CodeIgniter\CodeIgniter->handleRequest()
 7 FCPATH\index.php(67): CodeIgniter\CodeIgniter->run()
CRITICAL - 2022-08-18 14:34:08 --> FPDF error: Some data has already been output, can't send PDF file
in APPPATH\ThirdParty\fpdf\fpdf.php on line 271.
 1 APPPATH\ThirdParty\fpdf\fpdf.php(1060): FPDF->Error()
 2 APPPATH\ThirdParty\fpdf\fpdf.php(999): FPDF->_checkoutput()
 3 APPPATH\Controllers\Cetak.php(50): FPDF->Output()
 4 SYSTEMPATH\CodeIgniter.php(898): App\Controllers\Cetak->pria()
 5 SYSTEMPATH\CodeIgniter.php(457): CodeIgniter\CodeIgniter->runController()
 6 SYSTEMPATH\CodeIgniter.php(340): CodeIgniter\CodeIgniter->handleRequest()
 7 FCPATH\index.php(67): CodeIgniter\CodeIgniter->run()
CRITICAL - 2022-08-18 14:34:17 --> FPDF error: Some data has already been output, can't send PDF file
in APPPATH\ThirdParty\fpdf\fpdf.php on line 271.
 1 APPPATH\ThirdParty\fpdf\fpdf.php(1060): FPDF->Error()
 2 APPPATH\ThirdParty\fpdf\fpdf.php(999): FPDF->_checkoutput()
 3 APPPATH\Controllers\Cetak.php(50): FPDF->Output()
 4 SYSTEMPATH\CodeIgniter.php(898): App\Controllers\Cetak->pria()
 5 SYSTEMPATH\CodeIgniter.php(457): CodeIgniter\CodeIgniter->runController()
 6 SYSTEMPATH\CodeIgniter.php(340): CodeIgniter\CodeIgniter->handleRequest()
 7 FCPATH\index.php(67): CodeIgniter\CodeIgniter->run()
CRITICAL - 2022-08-18 14:34:19 --> FPDF error: Some data has already been output, can't send PDF file
in APPPATH\ThirdParty\fpdf\fpdf.php on line 271.
 1 APPPATH\ThirdParty\fpdf\fpdf.php(1060): FPDF->Error()
 2 APPPATH\ThirdParty\fpdf\fpdf.php(999): FPDF->_checkoutput()
 3 APPPATH\Controllers\Cetak.php(50): FPDF->Output()
 4 SYSTEMPATH\CodeIgniter.php(898): App\Controllers\Cetak->pria()
 5 SYSTEMPATH\CodeIgniter.php(457): CodeIgniter\CodeIgniter->runController()
 6 SYSTEMPATH\CodeIgniter.php(340): CodeIgniter\CodeIgniter->handleRequest()
 7 FCPATH\index.php(67): CodeIgniter\CodeIgniter->run()
CRITICAL - 2022-08-18 14:34:19 --> FPDF error: Some data has already been output, can't send PDF file
in APPPATH\ThirdParty\fpdf\fpdf.php on line 271.
 1 APPPATH\ThirdParty\fpdf\fpdf.php(1060): FPDF->Error()
 2 APPPATH\ThirdParty\fpdf\fpdf.php(999): FPDF->_checkoutput()
 3 APPPATH\Controllers\Cetak.php(50): FPDF->Output()
 4 SYSTEMPATH\CodeIgniter.php(898): App\Controllers\Cetak->pria()
 5 SYSTEMPATH\CodeIgniter.php(457): CodeIgniter\CodeIgniter->runController()
 6 SYSTEMPATH\CodeIgniter.php(340): CodeIgniter\CodeIgniter->handleRequest()
 7 FCPATH\index.php(67): CodeIgniter\CodeIgniter->run()
CRITICAL - 2022-08-18 14:34:20 --> FPDF error: Some data has already been output, can't send PDF file
in APPPATH\ThirdParty\fpdf\fpdf.php on line 271.
 1 APPPATH\ThirdParty\fpdf\fpdf.php(1060): FPDF->Error()
 2 APPPATH\ThirdParty\fpdf\fpdf.php(999): FPDF->_checkoutput()
 3 APPPATH\Controllers\Cetak.php(50): FPDF->Output()
 4 SYSTEMPATH\CodeIgniter.php(898): App\Controllers\Cetak->pria()
 5 SYSTEMPATH\CodeIgniter.php(457): CodeIgniter\CodeIgniter->runController()
 6 SYSTEMPATH\CodeIgniter.php(340): CodeIgniter\CodeIgniter->handleRequest()
 7 FCPATH\index.php(67): CodeIgniter\CodeIgniter->run()
CRITICAL - 2022-08-18 14:34:20 --> FPDF error: Some data has already been output, can't send PDF file
in APPPATH\ThirdParty\fpdf\fpdf.php on line 271.
 1 APPPATH\ThirdParty\fpdf\fpdf.php(1060): FPDF->Error()
 2 APPPATH\ThirdParty\fpdf\fpdf.php(999): FPDF->_checkoutput()
 3 APPPATH\Controllers\Cetak.php(50): FPDF->Output()
 4 SYSTEMPATH\CodeIgniter.php(898): App\Controllers\Cetak->pria()
 5 SYSTEMPATH\CodeIgniter.php(457): CodeIgniter\CodeIgniter->runController()
 6 SYSTEMPATH\CodeIgniter.php(340): CodeIgniter\CodeIgniter->handleRequest()
 7 FCPATH\index.php(67): CodeIgniter\CodeIgniter->run()
